[12-Nov-2017 02:31:15 UTC] PHP Warning:  PDO::__construct(): php_network_getaddresses: getaddrinfo failed: Name or service not known in /home/ubuntu/workspace/config.php on line 9
[12-Nov-2017 02:31:15 UTC] PHP Stack trace:
[12-Nov-2017 02:31:15 UTC] PHP   1. {main}() /home/ubuntu/workspace/messages/add_message.php:0
[12-Nov-2017 02:31:15 UTC] PHP   2. include() /home/ubuntu/workspace/messages/add_message.php:4
[12-Nov-2017 02:31:15 UTC] PHP   3. PDO->__construct() /home/ubuntu/workspace/config.php:9
[12-Nov-2017 02:57:34 UTC] PHP Warning:  PDO::__construct() expects parameter 4 to be array, integer given in /home/ubuntu/workspace/config.php on line 9
[12-Nov-2017 02:57:34 UTC] PHP Stack trace:
[12-Nov-2017 02:57:34 UTC] PHP   1. {main}() /home/ubuntu/workspace/messages/get_messages.php:0
[12-Nov-2017 02:57:34 UTC] PHP   2. include() /home/ubuntu/workspace/messages/get_messages.php:3
[12-Nov-2017 02:57:34 UTC] PHP   3. PDO->__construct() /home/ubuntu/workspace/config.php:9
[12-Nov-2017 02:57:34 UTC] PHP Fatal error:  Call to a member function setAttribute() on a non-object in /home/ubuntu/workspace/config.php on line 10
[12-Nov-2017 02:57:34 UTC] PHP Stack trace:
[12-Nov-2017 02:57:34 UTC] PHP   1. {main}() /home/ubuntu/workspace/messages/get_messages.php:0
[12-Nov-2017 02:57:34 UTC] PHP   2. include() /home/ubuntu/workspace/messages/get_messages.php:3
[12-Nov-2017 02:57:49 UTC] PHP Warning:  PDO::__construct() expects parameter 4 to be array, integer given in /home/ubuntu/workspace/config.php on line 9
[12-Nov-2017 02:57:49 UTC] PHP Stack trace:
[12-Nov-2017 02:57:49 UTC] PHP   1. {main}() /home/ubuntu/workspace/messages/get_messages.php:0
[12-Nov-2017 02:57:49 UTC] PHP   2. include() /home/ubuntu/workspace/messages/get_messages.php:3
[12-Nov-2017 02:57:49 UTC] PHP   3. PDO->__construct() /home/ubuntu/workspace/config.php:9
[12-Nov-2017 02:57:49 UTC] PHP Fatal error:  Call to a member function setAttribute() on a non-object in /home/ubuntu/workspace/config.php on line 10
[12-Nov-2017 02:57:49 UTC] PHP Stack trace:
[12-Nov-2017 02:57:49 UTC] PHP   1. {main}() /home/ubuntu/workspace/messages/get_messages.php:0
[12-Nov-2017 02:57:49 UTC] PHP   2. include() /home/ubuntu/workspace/messages/get_messages.php:3
[12-Nov-2017 02:58:05 UTC] PHP Warning:  PDO::__construct() expects parameter 4 to be array, integer given in /home/ubuntu/workspace/config.php on line 9
[12-Nov-2017 02:58:05 UTC] PHP Stack trace:
[12-Nov-2017 02:58:05 UTC] PHP   1. {main}() /home/ubuntu/workspace/messages/get_messages.php:0
[12-Nov-2017 02:58:05 UTC] PHP   2. include() /home/ubuntu/workspace/messages/get_messages.php:3
[12-Nov-2017 02:58:05 UTC] PHP   3. PDO->__construct() /home/ubuntu/workspace/config.php:9
[12-Nov-2017 02:58:05 UTC] PHP Fatal error:  Call to a member function setAttribute() on a non-object in /home/ubuntu/workspace/config.php on line 10
[12-Nov-2017 02:58:05 UTC] PHP Stack trace:
[12-Nov-2017 02:58:05 UTC] PHP   1. {main}() /home/ubuntu/workspace/messages/get_messages.php:0
[12-Nov-2017 02:58:05 UTC] PHP   2. include() /home/ubuntu/workspace/messages/get_messages.php:3
[12-Nov-2017 02:58:21 UTC] PHP Warning:  PDO::__construct() expects parameter 4 to be array, integer given in /home/ubuntu/workspace/config.php on line 9
[12-Nov-2017 02:58:21 UTC] PHP Stack trace:
[12-Nov-2017 02:58:21 UTC] PHP   1. {main}() /home/ubuntu/workspace/messages/get_messages.php:0
[12-Nov-2017 02:58:21 UTC] PHP   2. include() /home/ubuntu/workspace/messages/get_messages.php:3
[12-Nov-2017 02:58:21 UTC] PHP   3. PDO->__construct() /home/ubuntu/workspace/config.php:9
[12-Nov-2017 02:58:21 UTC] PHP Fatal error:  Call to a member function setAttribute() on a non-object in /home/ubuntu/workspace/config.php on line 10
[12-Nov-2017 02:58:21 UTC] PHP Stack trace:
[12-Nov-2017 02:58:21 UTC] PHP   1. {main}() /home/ubuntu/workspace/messages/get_messages.php:0
[12-Nov-2017 02:58:21 UTC] PHP   2. include() /home/ubuntu/workspace/messages/get_messages.php:3
[12-Nov-2017 02:58:34 UTC] PHP Warning:  PDO::__construct(): php_network_getaddresses: getaddrinfo failed: Name or service not known in /home/ubuntu/workspace/config.php on line 9
[12-Nov-2017 02:58:34 UTC] PHP Stack trace:
[12-Nov-2017 02:58:34 UTC] PHP   1. {main}() /home/ubuntu/workspace/messages/get_messages.php:0
[12-Nov-2017 02:58:34 UTC] PHP   2. include() /home/ubuntu/workspace/messages/get_messages.php:3
[12-Nov-2017 02:58:34 UTC] PHP   3. PDO->__construct() /home/ubuntu/workspace/config.php:9
[12-Nov-2017 02:58:34 UTC] PHP Fatal error:  Call to a member function query() on a non-object in /home/ubuntu/workspace/messages/get_messages.php on line 5
[12-Nov-2017 02:58:34 UTC] PHP Stack trace:
[12-Nov-2017 02:58:34 UTC] PHP   1. {main}() /home/ubuntu/workspace/messages/get_messages.php:0
[12-Nov-2017 02:58:36 UTC] PHP Warning:  PDO::__construct(): php_network_getaddresses: getaddrinfo failed: Name or service not known in /home/ubuntu/workspace/config.php on line 9
[12-Nov-2017 02:58:36 UTC] PHP Stack trace:
[12-Nov-2017 02:58:36 UTC] PHP   1. {main}() /home/ubuntu/workspace/messages/get_messages.php:0
[12-Nov-2017 02:58:36 UTC] PHP   2. include() /home/ubuntu/workspace/messages/get_messages.php:3
[12-Nov-2017 02:58:36 UTC] PHP   3. PDO->__construct() /home/ubuntu/workspace/config.php:9
[12-Nov-2017 02:58:36 UTC] PHP Fatal error:  Call to a member function query() on a non-object in /home/ubuntu/workspace/messages/get_messages.php on line 5
[12-Nov-2017 02:58:36 UTC] PHP Stack trace:
[12-Nov-2017 02:58:36 UTC] PHP   1. {main}() /home/ubuntu/workspace/messages/get_messages.php:0
[12-Nov-2017 02:58:42 UTC] PHP Warning:  PDO::__construct(): php_network_getaddresses: getaddrinfo failed: Name or service not known in /home/ubuntu/workspace/config.php on line 9
[12-Nov-2017 02:58:42 UTC] PHP Stack trace:
[12-Nov-2017 02:58:42 UTC] PHP   1. {main}() /home/ubuntu/workspace/messages/get_messages.php:0
[12-Nov-2017 02:58:42 UTC] PHP   2. include() /home/ubuntu/workspace/messages/get_messages.php:3
[12-Nov-2017 02:58:42 UTC] PHP   3. PDO->__construct() /home/ubuntu/workspace/config.php:9
[12-Nov-2017 02:58:42 UTC] PHP Fatal error:  Call to a member function query() on a non-object in /home/ubuntu/workspace/messages/get_messages.php on line 5
[12-Nov-2017 02:58:42 UTC] PHP Stack trace:
[12-Nov-2017 02:58:42 UTC] PHP   1. {main}() /home/ubuntu/workspace/messages/get_messages.php:0
[12-Nov-2017 02:58:50 UTC] PHP Warning:  PDO::__construct(): php_network_getaddresses: getaddrinfo failed: Name or service not known in /home/ubuntu/workspace/config.php on line 9
[12-Nov-2017 02:58:50 UTC] PHP Stack trace:
[12-Nov-2017 02:58:50 UTC] PHP   1. {main}() /home/ubuntu/workspace/messages/get_messages.php:0
[12-Nov-2017 02:58:50 UTC] PHP   2. include() /home/ubuntu/workspace/messages/get_messages.php:3
[12-Nov-2017 02:58:50 UTC] PHP   3. PDO->__construct() /home/ubuntu/workspace/config.php:9
[12-Nov-2017 02:58:50 UTC] PHP Fatal error:  Call to a member function query() on a non-object in /home/ubuntu/workspace/messages/get_messages.php on line 5
[12-Nov-2017 02:58:50 UTC] PHP Stack trace:
[12-Nov-2017 02:58:50 UTC] PHP   1. {main}() /home/ubuntu/workspace/messages/get_messages.php:0
[12-Nov-2017 02:58:57 UTC] PHP Warning:  PDO::__construct(): php_network_getaddresses: getaddrinfo failed: Name or service not known in /home/ubuntu/workspace/config.php on line 9
[12-Nov-2017 02:58:57 UTC] PHP Stack trace:
[12-Nov-2017 02:58:57 UTC] PHP   1. {main}() /home/ubuntu/workspace/messages/get_messages.php:0
[12-Nov-2017 02:58:57 UTC] PHP   2. include() /home/ubuntu/workspace/messages/get_messages.php:3
[12-Nov-2017 02:58:57 UTC] PHP   3. PDO->__construct() /home/ubuntu/workspace/config.php:9
[12-Nov-2017 02:58:57 UTC] PHP Fatal error:  Call to a member function query() on a non-object in /home/ubuntu/workspace/messages/get_messages.php on line 5
[12-Nov-2017 02:58:57 UTC] PHP Stack trace:
[12-Nov-2017 02:58:57 UTC] PHP   1. {main}() /home/ubuntu/workspace/messages/get_messages.php:0
[12-Nov-2017 02:59:06 UTC] PHP Warning:  PDO::__construct(): php_network_getaddresses: getaddrinfo failed: Name or service not known in /home/ubuntu/workspace/config.php on line 9
[12-Nov-2017 02:59:06 UTC] PHP Stack trace:
[12-Nov-2017 02:59:06 UTC] PHP   1. {main}() /home/ubuntu/workspace/messages/get_messages.php:0
[12-Nov-2017 02:59:06 UTC] PHP   2. include() /home/ubuntu/workspace/messages/get_messages.php:3
[12-Nov-2017 02:59:06 UTC] PHP   3. PDO->__construct() /home/ubuntu/workspace/config.php:9
[12-Nov-2017 02:59:06 UTC] PHP Fatal error:  Call to a member function query() on a non-object in /home/ubuntu/workspace/messages/get_messages.php on line 5
[12-Nov-2017 02:59:06 UTC] PHP Stack trace:
[12-Nov-2017 02:59:06 UTC] PHP   1. {main}() /home/ubuntu/workspace/messages/get_messages.php:0
[12-Nov-2017 02:59:12 UTC] PHP Warning:  PDO::__construct(): php_network_getaddresses: getaddrinfo failed: Name or service not known in /home/ubuntu/workspace/config.php on line 9
[12-Nov-2017 02:59:12 UTC] PHP Stack trace:
[12-Nov-2017 02:59:12 UTC] PHP   1. {main}() /home/ubuntu/workspace/messages/get_messages.php:0
[12-Nov-2017 02:59:12 UTC] PHP   2. include() /home/ubuntu/workspace/messages/get_messages.php:3
[12-Nov-2017 02:59:12 UTC] PHP   3. PDO->__construct() /home/ubuntu/workspace/config.php:9
[12-Nov-2017 02:59:12 UTC] PHP Fatal error:  Call to a member function query() on a non-object in /home/ubuntu/workspace/messages/get_messages.php on line 5
[12-Nov-2017 02:59:12 UTC] PHP Stack trace:
[12-Nov-2017 02:59:12 UTC] PHP   1. {main}() /home/ubuntu/workspace/messages/get_messages.php:0
[12-Nov-2017 02:59:16 UTC] PHP Warning:  PDO::__construct(): php_network_getaddresses: getaddrinfo failed: Name or service not known in /home/ubuntu/workspace/config.php on line 9
[12-Nov-2017 02:59:16 UTC] PHP Stack trace:
[12-Nov-2017 02:59:16 UTC] PHP   1. {main}() /home/ubuntu/workspace/messages/get_messages.php:0
[12-Nov-2017 02:59:16 UTC] PHP   2. include() /home/ubuntu/workspace/messages/get_messages.php:3
[12-Nov-2017 02:59:16 UTC] PHP   3. PDO->__construct() /home/ubuntu/workspace/config.php:9
[12-Nov-2017 02:59:16 UTC] PHP Fatal error:  Call to a member function query() on a non-object in /home/ubuntu/workspace/messages/get_messages.php on line 5
[12-Nov-2017 02:59:16 UTC] PHP Stack trace:
[12-Nov-2017 02:59:16 UTC] PHP   1. {main}() /home/ubuntu/workspace/messages/get_messages.php:0
[12-Nov-2017 02:59:18 UTC] PHP Warning:  PDO::__construct(): php_network_getaddresses: getaddrinfo failed: Name or service not known in /home/ubuntu/workspace/config.php on line 9
[12-Nov-2017 02:59:18 UTC] PHP Stack trace:
[12-Nov-2017 02:59:18 UTC] PHP   1. {main}() /home/ubuntu/workspace/messages/get_messages.php:0
[12-Nov-2017 02:59:18 UTC] PHP   2. include() /home/ubuntu/workspace/messages/get_messages.php:3
[12-Nov-2017 02:59:18 UTC] PHP   3. PDO->__construct() /home/ubuntu/workspace/config.php:9
[12-Nov-2017 02:59:18 UTC] PHP Fatal error:  Call to a member function query() on a non-object in /home/ubuntu/workspace/messages/get_messages.php on line 5
[12-Nov-2017 02:59:18 UTC] PHP Stack trace:
[12-Nov-2017 02:59:18 UTC] PHP   1. {main}() /home/ubuntu/workspace/messages/get_messages.php:0
[12-Nov-2017 02:59:22 UTC] PHP Warning:  PDO::__construct(): php_network_getaddresses: getaddrinfo failed: Name or service not known in /home/ubuntu/workspace/config.php on line 9
[12-Nov-2017 02:59:22 UTC] PHP Stack trace:
[12-Nov-2017 02:59:22 UTC] PHP   1. {main}() /home/ubuntu/workspace/messages/get_messages.php:0
[12-Nov-2017 02:59:22 UTC] PHP   2. include() /home/ubuntu/workspace/messages/get_messages.php:3
[12-Nov-2017 02:59:22 UTC] PHP   3. PDO->__construct() /home/ubuntu/workspace/config.php:9
[12-Nov-2017 02:59:22 UTC] PHP Fatal error:  Call to a member function query() on a non-object in /home/ubuntu/workspace/messages/get_messages.php on line 5
[12-Nov-2017 02:59:22 UTC] PHP Stack trace:
[12-Nov-2017 02:59:22 UTC] PHP   1. {main}() /home/ubuntu/workspace/messages/get_messages.php:0
[12-Nov-2017 02:59:34 UTC] PHP Warning:  PDO::__construct(): php_network_getaddresses: getaddrinfo failed: Name or service not known in /home/ubuntu/workspace/config.php on line 9
[12-Nov-2017 02:59:34 UTC] PHP Stack trace:
[12-Nov-2017 02:59:34 UTC] PHP   1. {main}() /home/ubuntu/workspace/messages/get_messages.php:0
[12-Nov-2017 02:59:34 UTC] PHP   2. include() /home/ubuntu/workspace/messages/get_messages.php:3
[12-Nov-2017 02:59:34 UTC] PHP   3. PDO->__construct() /home/ubuntu/workspace/config.php:9
[12-Nov-2017 02:59:34 UTC] PHP Fatal error:  Call to a member function query() on a non-object in /home/ubuntu/workspace/messages/get_messages.php on line 5
[12-Nov-2017 02:59:34 UTC] PHP Stack trace:
[12-Nov-2017 02:59:34 UTC] PHP   1. {main}() /home/ubuntu/workspace/messages/get_messages.php:0
[12-Nov-2017 02:59:38 UTC] PHP Warning:  PDO::__construct(): php_network_getaddresses: getaddrinfo failed: Name or service not known in /home/ubuntu/workspace/config.php on line 9
[12-Nov-2017 02:59:38 UTC] PHP Stack trace:
[12-Nov-2017 02:59:38 UTC] PHP   1. {main}() /home/ubuntu/workspace/messages/get_messages.php:0
[12-Nov-2017 02:59:38 UTC] PHP   2. include() /home/ubuntu/workspace/messages/get_messages.php:3
[12-Nov-2017 02:59:38 UTC] PHP   3. PDO->__construct() /home/ubuntu/workspace/config.php:9
[12-Nov-2017 02:59:38 UTC] PHP Fatal error:  Call to a member function query() on a non-object in /home/ubuntu/workspace/messages/get_messages.php on line 5
[12-Nov-2017 02:59:38 UTC] PHP Stack trace:
[12-Nov-2017 02:59:38 UTC] PHP   1. {main}() /home/ubuntu/workspace/messages/get_messages.php:0
[12-Nov-2017 02:59:50 UTC] PHP Warning:  PDO::__construct(): php_network_getaddresses: getaddrinfo failed: Name or service not known in /home/ubuntu/workspace/config.php on line 9
[12-Nov-2017 02:59:50 UTC] PHP Stack trace:
[12-Nov-2017 02:59:50 UTC] PHP   1. {main}() /home/ubuntu/workspace/messages/get_messages.php:0
[12-Nov-2017 02:59:50 UTC] PHP   2. include() /home/ubuntu/workspace/messages/get_messages.php:3
[12-Nov-2017 02:59:50 UTC] PHP   3. PDO->__construct() /home/ubuntu/workspace/config.php:9
[12-Nov-2017 02:59:50 UTC] PHP Fatal error:  Call to a member function query() on a non-object in /home/ubuntu/workspace/messages/get_messages.php on line 5
[12-Nov-2017 02:59:50 UTC] PHP Stack trace:
[12-Nov-2017 02:59:50 UTC] PHP   1. {main}() /home/ubuntu/workspace/messages/get_messages.php:0
[12-Nov-2017 02:59:53 UTC] PHP Warning:  PDO::__construct(): php_network_getaddresses: getaddrinfo failed: Name or service not known in /home/ubuntu/workspace/config.php on line 9
[12-Nov-2017 02:59:53 UTC] PHP Stack trace:
[12-Nov-2017 02:59:53 UTC] PHP   1. {main}() /home/ubuntu/workspace/messages/get_messages.php:0
[12-Nov-2017 02:59:53 UTC] PHP   2. include() /home/ubuntu/workspace/messages/get_messages.php:3
[12-Nov-2017 02:59:53 UTC] PHP   3. PDO->__construct() /home/ubuntu/workspace/config.php:9
[12-Nov-2017 02:59:53 UTC] PHP Fatal error:  Call to a member function query() on a non-object in /home/ubuntu/workspace/messages/get_messages.php on line 5
[12-Nov-2017 02:59:53 UTC] PHP Stack trace:
[12-Nov-2017 02:59:53 UTC] PHP   1. {main}() /home/ubuntu/workspace/messages/get_messages.php:0
[12-Nov-2017 03:00:05 UTC] PHP Warning:  PDO::__construct(): php_network_getaddresses: getaddrinfo failed: Name or service not known in /home/ubuntu/workspace/config.php on line 9
[12-Nov-2017 03:00:05 UTC] PHP Stack trace:
[12-Nov-2017 03:00:05 UTC] PHP   1. {main}() /home/ubuntu/workspace/messages/get_messages.php:0
[12-Nov-2017 03:00:05 UTC] PHP   2. include() /home/ubuntu/workspace/messages/get_messages.php:3
[12-Nov-2017 03:00:05 UTC] PHP   3. PDO->__construct() /home/ubuntu/workspace/config.php:9
[12-Nov-2017 03:00:05 UTC] PHP Fatal error:  Call to a member function query() on a non-object in /home/ubuntu/workspace/messages/get_messages.php on line 5
[12-Nov-2017 03:00:05 UTC] PHP Stack trace:
[12-Nov-2017 03:00:05 UTC] PHP   1. {main}() /home/ubuntu/workspace/messages/get_messages.php:0
[12-Nov-2017 03:00:21 UTC] PHP Warning:  PDO::__construct(): php_network_getaddresses: getaddrinfo failed: Name or service not known in /home/ubuntu/workspace/config.php on line 9
[12-Nov-2017 03:00:21 UTC] PHP Stack trace:
[12-Nov-2017 03:00:21 UTC] PHP   1. {main}() /home/ubuntu/workspace/messages/get_messages.php:0
[12-Nov-2017 03:00:21 UTC] PHP   2. include() /home/ubuntu/workspace/messages/get_messages.php:3
[12-Nov-2017 03:00:21 UTC] PHP   3. PDO->__construct() /home/ubuntu/workspace/config.php:9
[12-Nov-2017 03:00:21 UTC] PHP Fatal error:  Call to a member function query() on a non-object in /home/ubuntu/workspace/messages/get_messages.php on line 5
[12-Nov-2017 03:00:21 UTC] PHP Stack trace:
[12-Nov-2017 03:00:21 UTC] PHP   1. {main}() /home/ubuntu/workspace/messages/get_messages.php:0
[12-Nov-2017 03:00:37 UTC] PHP Warning:  PDO::__construct(): php_network_getaddresses: getaddrinfo failed: Name or service not known in /home/ubuntu/workspace/config.php on line 9
[12-Nov-2017 03:00:37 UTC] PHP Stack trace:
[12-Nov-2017 03:00:37 UTC] PHP   1. {main}() /home/ubuntu/workspace/messages/get_messages.php:0
[12-Nov-2017 03:00:37 UTC] PHP   2. include() /home/ubuntu/workspace/messages/get_messages.php:3
[12-Nov-2017 03:00:37 UTC] PHP   3. PDO->__construct() /home/ubuntu/workspace/config.php:9
[12-Nov-2017 03:00:37 UTC] PHP Fatal error:  Call to a member function query() on a non-object in /home/ubuntu/workspace/messages/get_messages.php on line 5
[12-Nov-2017 03:00:37 UTC] PHP Stack trace:
[12-Nov-2017 03:00:37 UTC] PHP   1. {main}() /home/ubuntu/workspace/messages/get_messages.php:0
[12-Nov-2017 03:00:53 UTC] PHP Warning:  PDO::__construct(): php_network_getaddresses: getaddrinfo failed: Name or service not known in /home/ubuntu/workspace/config.php on line 9
[12-Nov-2017 03:00:53 UTC] PHP Stack trace:
[12-Nov-2017 03:00:53 UTC] PHP   1. {main}() /home/ubuntu/workspace/messages/get_messages.php:0
[12-Nov-2017 03:00:53 UTC] PHP   2. include() /home/ubuntu/workspace/messages/get_messages.php:3
[12-Nov-2017 03:00:53 UTC] PHP   3. PDO->__construct() /home/ubuntu/workspace/config.php:9
[12-Nov-2017 03:00:53 UTC] PHP Fatal error:  Call to a member function query() on a non-object in /home/ubuntu/workspace/messages/get_messages.php on line 5
[12-Nov-2017 03:00:53 UTC] PHP Stack trace:
[12-Nov-2017 03:00:53 UTC] PHP   1. {main}() /home/ubuntu/workspace/messages/get_messages.php:0
[12-Nov-2017 03:01:09 UTC] PHP Warning:  PDO::__construct(): php_network_getaddresses: getaddrinfo failed: Name or service not known in /home/ubuntu/workspace/config.php on line 9
[12-Nov-2017 03:01:09 UTC] PHP Stack trace:
[12-Nov-2017 03:01:09 UTC] PHP   1. {main}() /home/ubuntu/workspace/messages/get_messages.php:0
[12-Nov-2017 03:01:09 UTC] PHP   2. include() /home/ubuntu/workspace/messages/get_messages.php:3
[12-Nov-2017 03:01:09 UTC] PHP   3. PDO->__construct() /home/ubuntu/workspace/config.php:9
[12-Nov-2017 03:01:09 UTC] PHP Fatal error:  Call to a member function query() on a non-object in /home/ubuntu/workspace/messages/get_messages.php on line 5
[12-Nov-2017 03:01:09 UTC] PHP Stack trace:
[12-Nov-2017 03:01:09 UTC] PHP   1. {main}() /home/ubuntu/workspace/messages/get_messages.php:0
[12-Nov-2017 03:01:25 UTC] PHP Warning:  PDO::__construct(): php_network_getaddresses: getaddrinfo failed: Name or service not known in /home/ubuntu/workspace/config.php on line 9
[12-Nov-2017 03:01:25 UTC] PHP Stack trace:
[12-Nov-2017 03:01:25 UTC] PHP   1. {main}() /home/ubuntu/workspace/messages/get_messages.php:0
[12-Nov-2017 03:01:25 UTC] PHP   2. include() /home/ubuntu/workspace/messages/get_messages.php:3
[12-Nov-2017 03:01:25 UTC] PHP   3. PDO->__construct() /home/ubuntu/workspace/config.php:9
[12-Nov-2017 03:01:25 UTC] PHP Fatal error:  Call to a member function query() on a non-object in /home/ubuntu/workspace/messages/get_messages.php on line 5
[12-Nov-2017 03:01:25 UTC] PHP Stack trace:
[12-Nov-2017 03:01:25 UTC] PHP   1. {main}() /home/ubuntu/workspace/messages/get_messages.php:0
[12-Nov-2017 03:01:41 UTC] PHP Warning:  PDO::__construct(): php_network_getaddresses: getaddrinfo failed: Name or service not known in /home/ubuntu/workspace/config.php on line 9
[12-Nov-2017 03:01:41 UTC] PHP Stack trace:
[12-Nov-2017 03:01:41 UTC] PHP   1. {main}() /home/ubuntu/workspace/messages/get_messages.php:0
[12-Nov-2017 03:01:41 UTC] PHP   2. include() /home/ubuntu/workspace/messages/get_messages.php:3
[12-Nov-2017 03:01:41 UTC] PHP   3. PDO->__construct() /home/ubuntu/workspace/config.php:9
[12-Nov-2017 03:01:41 UTC] PHP Fatal error:  Call to a member function query() on a non-object in /home/ubuntu/workspace/messages/get_messages.php on line 5
[12-Nov-2017 03:01:41 UTC] PHP Stack trace:
[12-Nov-2017 03:01:41 UTC] PHP   1. {main}() /home/ubuntu/workspace/messages/get_messages.php:0
[12-Nov-2017 03:01:57 UTC] PHP Warning:  PDO::__construct(): php_network_getaddresses: getaddrinfo failed: Name or service not known in /home/ubuntu/workspace/config.php on line 9
[12-Nov-2017 03:01:57 UTC] PHP Stack trace:
[12-Nov-2017 03:01:57 UTC] PHP   1. {main}() /home/ubuntu/workspace/messages/get_messages.php:0
[12-Nov-2017 03:01:57 UTC] PHP   2. include() /home/ubuntu/workspace/messages/get_messages.php:3
[12-Nov-2017 03:01:57 UTC] PHP   3. PDO->__construct() /home/ubuntu/workspace/config.php:9
[12-Nov-2017 03:01:57 UTC] PHP Fatal error:  Call to a member function query() on a non-object in /home/ubuntu/workspace/messages/get_messages.php on line 5
[12-Nov-2017 03:01:57 UTC] PHP Stack trace:
[12-Nov-2017 03:01:57 UTC] PHP   1. {main}() /home/ubuntu/workspace/messages/get_messages.php:0
[12-Nov-2017 03:02:13 UTC] PHP Warning:  PDO::__construct(): php_network_getaddresses: getaddrinfo failed: Name or service not known in /home/ubuntu/workspace/config.php on line 9
[12-Nov-2017 03:02:13 UTC] PHP Stack trace:
[12-Nov-2017 03:02:13 UTC] PHP   1. {main}() /home/ubuntu/workspace/messages/get_messages.php:0
[12-Nov-2017 03:02:13 UTC] PHP   2. include() /home/ubuntu/workspace/messages/get_messages.php:3
[12-Nov-2017 03:02:13 UTC] PHP   3. PDO->__construct() /home/ubuntu/workspace/config.php:9
[12-Nov-2017 03:02:13 UTC] PHP Fatal error:  Call to a member function query() on a non-object in /home/ubuntu/workspace/messages/get_messages.php on line 5
[12-Nov-2017 03:02:13 UTC] PHP Stack trace:
[12-Nov-2017 03:02:13 UTC] PHP   1. {main}() /home/ubuntu/workspace/messages/get_messages.php:0
[12-Nov-2017 03:02:29 UTC] PHP Warning:  PDO::__construct(): php_network_getaddresses: getaddrinfo failed: Name or service not known in /home/ubuntu/workspace/config.php on line 9
[12-Nov-2017 03:02:29 UTC] PHP Stack trace:
[12-Nov-2017 03:02:29 UTC] PHP   1. {main}() /home/ubuntu/workspace/messages/get_messages.php:0
[12-Nov-2017 03:02:29 UTC] PHP   2. include() /home/ubuntu/workspace/messages/get_messages.php:3
[12-Nov-2017 03:02:29 UTC] PHP   3. PDO->__construct() /home/ubuntu/workspace/config.php:9
[12-Nov-2017 03:02:29 UTC] PHP Fatal error:  Call to a member function query() on a non-object in /home/ubuntu/workspace/messages/get_messages.php on line 5
[12-Nov-2017 03:02:29 UTC] PHP Stack trace:
[12-Nov-2017 03:02:29 UTC] PHP   1. {main}() /home/ubuntu/workspace/messages/get_messages.php:0
[12-Nov-2017 03:02:45 UTC] PHP Warning:  PDO::__construct(): php_network_getaddresses: getaddrinfo failed: Name or service not known in /home/ubuntu/workspace/config.php on line 9
[12-Nov-2017 03:02:45 UTC] PHP Stack trace:
[12-Nov-2017 03:02:45 UTC] PHP   1. {main}() /home/ubuntu/workspace/messages/get_messages.php:0
[12-Nov-2017 03:02:45 UTC] PHP   2. include() /home/ubuntu/workspace/messages/get_messages.php:3
[12-Nov-2017 03:02:45 UTC] PHP   3. PDO->__construct() /home/ubuntu/workspace/config.php:9
[12-Nov-2017 03:02:45 UTC] PHP Fatal error:  Call to a member function query() on a non-object in /home/ubuntu/workspace/messages/get_messages.php on line 5
[12-Nov-2017 03:02:45 UTC] PHP Stack trace:
[12-Nov-2017 03:02:45 UTC] PHP   1. {main}() /home/ubuntu/workspace/messages/get_messages.php:0
[12-Nov-2017 03:03:01 UTC] PHP Warning:  PDO::__construct(): php_network_getaddresses: getaddrinfo failed: Name or service not known in /home/ubuntu/workspace/config.php on line 9
[12-Nov-2017 03:03:01 UTC] PHP Stack trace:
[12-Nov-2017 03:03:01 UTC] PHP   1. {main}() /home/ubuntu/workspace/messages/get_messages.php:0
[12-Nov-2017 03:03:01 UTC] PHP   2. include() /home/ubuntu/workspace/messages/get_messages.php:3
[12-Nov-2017 03:03:01 UTC] PHP   3. PDO->__construct() /home/ubuntu/workspace/config.php:9
[12-Nov-2017 03:03:01 UTC] PHP Fatal error:  Call to a member function query() on a non-object in /home/ubuntu/workspace/messages/get_messages.php on line 5
[12-Nov-2017 03:03:01 UTC] PHP Stack trace:
[12-Nov-2017 03:03:01 UTC] PHP   1. {main}() /home/ubuntu/workspace/messages/get_messages.php:0
[12-Nov-2017 03:03:17 UTC] PHP Warning:  PDO::__construct(): php_network_getaddresses: getaddrinfo failed: Name or service not known in /home/ubuntu/workspace/config.php on line 9
[12-Nov-2017 03:03:17 UTC] PHP Stack trace:
[12-Nov-2017 03:03:17 UTC] PHP   1. {main}() /home/ubuntu/workspace/messages/get_messages.php:0
[12-Nov-2017 03:03:17 UTC] PHP   2. include() /home/ubuntu/workspace/messages/get_messages.php:3
[12-Nov-2017 03:03:17 UTC] PHP   3. PDO->__construct() /home/ubuntu/workspace/config.php:9
[12-Nov-2017 03:03:17 UTC] PHP Fatal error:  Call to a member function query() on a non-object in /home/ubuntu/workspace/messages/get_messages.php on line 5
[12-Nov-2017 03:03:17 UTC] PHP Stack trace:
[12-Nov-2017 03:03:17 UTC] PHP   1. {main}() /home/ubuntu/workspace/messages/get_messages.php:0
[12-Nov-2017 03:03:33 UTC] PHP Warning:  PDO::__construct(): php_network_getaddresses: getaddrinfo failed: Name or service not known in /home/ubuntu/workspace/config.php on line 9
[12-Nov-2017 03:03:33 UTC] PHP Stack trace:
[12-Nov-2017 03:03:33 UTC] PHP   1. {main}() /home/ubuntu/workspace/messages/get_messages.php:0
[12-Nov-2017 03:03:33 UTC] PHP   2. include() /home/ubuntu/workspace/messages/get_messages.php:3
[12-Nov-2017 03:03:33 UTC] PHP   3. PDO->__construct() /home/ubuntu/workspace/config.php:9
[12-Nov-2017 03:03:33 UTC] PHP Fatal error:  Call to a member function query() on a non-object in /home/ubuntu/workspace/messages/get_messages.php on line 5
[12-Nov-2017 03:03:33 UTC] PHP Stack trace:
[12-Nov-2017 03:03:33 UTC] PHP   1. {main}() /home/ubuntu/workspace/messages/get_messages.php:0
[12-Nov-2017 03:03:49 UTC] PHP Warning:  PDO::__construct(): php_network_getaddresses: getaddrinfo failed: Name or service not known in /home/ubuntu/workspace/config.php on line 9
[12-Nov-2017 03:03:49 UTC] PHP Stack trace:
[12-Nov-2017 03:03:49 UTC] PHP   1. {main}() /home/ubuntu/workspace/messages/get_messages.php:0
[12-Nov-2017 03:03:49 UTC] PHP   2. include() /home/ubuntu/workspace/messages/get_messages.php:3
[12-Nov-2017 03:03:49 UTC] PHP   3. PDO->__construct() /home/ubuntu/workspace/config.php:9
[12-Nov-2017 03:03:49 UTC] PHP Fatal error:  Call to a member function query() on a non-object in /home/ubuntu/workspace/messages/get_messages.php on line 5
[12-Nov-2017 03:03:49 UTC] PHP Stack trace:
[12-Nov-2017 03:03:49 UTC] PHP   1. {main}() /home/ubuntu/workspace/messages/get_messages.php:0
[12-Nov-2017 03:04:05 UTC] PHP Warning:  PDO::__construct(): php_network_getaddresses: getaddrinfo failed: Name or service not known in /home/ubuntu/workspace/config.php on line 9
[12-Nov-2017 03:04:05 UTC] PHP Stack trace:
[12-Nov-2017 03:04:05 UTC] PHP   1. {main}() /home/ubuntu/workspace/messages/get_messages.php:0
[12-Nov-2017 03:04:05 UTC] PHP   2. include() /home/ubuntu/workspace/messages/get_messages.php:3
[12-Nov-2017 03:04:05 UTC] PHP   3. PDO->__construct() /home/ubuntu/workspace/config.php:9
[12-Nov-2017 03:04:05 UTC] PHP Fatal error:  Call to a member function query() on a non-object in /home/ubuntu/workspace/messages/get_messages.php on line 5
[12-Nov-2017 03:04:05 UTC] PHP Stack trace:
[12-Nov-2017 03:04:05 UTC] PHP   1. {main}() /home/ubuntu/workspace/messages/get_messages.php:0
[12-Nov-2017 03:04:21 UTC] PHP Warning:  PDO::__construct(): php_network_getaddresses: getaddrinfo failed: Name or service not known in /home/ubuntu/workspace/config.php on line 9
[12-Nov-2017 03:04:21 UTC] PHP Stack trace:
[12-Nov-2017 03:04:21 UTC] PHP   1. {main}() /home/ubuntu/workspace/messages/get_messages.php:0
[12-Nov-2017 03:04:21 UTC] PHP   2. include() /home/ubuntu/workspace/messages/get_messages.php:3
[12-Nov-2017 03:04:21 UTC] PHP   3. PDO->__construct() /home/ubuntu/workspace/config.php:9
[12-Nov-2017 03:04:21 UTC] PHP Fatal error:  Call to a member function query() on a non-object in /home/ubuntu/workspace/messages/get_messages.php on line 5
[12-Nov-2017 03:04:21 UTC] PHP Stack trace:
[12-Nov-2017 03:04:21 UTC] PHP   1. {main}() /home/ubuntu/workspace/messages/get_messages.php:0
[12-Nov-2017 03:04:37 UTC] PHP Warning:  PDO::__construct(): php_network_getaddresses: getaddrinfo failed: Name or service not known in /home/ubuntu/workspace/config.php on line 9
[12-Nov-2017 03:04:37 UTC] PHP Stack trace:
[12-Nov-2017 03:04:37 UTC] PHP   1. {main}() /home/ubuntu/workspace/messages/get_messages.php:0
[12-Nov-2017 03:04:37 UTC] PHP   2. include() /home/ubuntu/workspace/messages/get_messages.php:3
[12-Nov-2017 03:04:37 UTC] PHP   3. PDO->__construct() /home/ubuntu/workspace/config.php:9
[12-Nov-2017 03:04:37 UTC] PHP Fatal error:  Call to a member function query() on a non-object in /home/ubuntu/workspace/messages/get_messages.php on line 5
[12-Nov-2017 03:04:37 UTC] PHP Stack trace:
[12-Nov-2017 03:04:37 UTC] PHP   1. {main}() /home/ubuntu/workspace/messages/get_messages.php:0
[12-Nov-2017 03:04:53 UTC] PHP Warning:  PDO::__construct(): php_network_getaddresses: getaddrinfo failed: Name or service not known in /home/ubuntu/workspace/config.php on line 9
[12-Nov-2017 03:04:53 UTC] PHP Stack trace:
[12-Nov-2017 03:04:53 UTC] PHP   1. {main}() /home/ubuntu/workspace/messages/get_messages.php:0
[12-Nov-2017 03:04:53 UTC] PHP   2. include() /home/ubuntu/workspace/messages/get_messages.php:3
[12-Nov-2017 03:04:53 UTC] PHP   3. PDO->__construct() /home/ubuntu/workspace/config.php:9
[12-Nov-2017 03:04:53 UTC] PHP Fatal error:  Call to a member function query() on a non-object in /home/ubuntu/workspace/messages/get_messages.php on line 5
[12-Nov-2017 03:04:53 UTC] PHP Stack trace:
[12-Nov-2017 03:04:53 UTC] PHP   1. {main}() /home/ubuntu/workspace/messages/get_messages.php:0
[12-Nov-2017 03:05:09 UTC] PHP Warning:  PDO::__construct(): php_network_getaddresses: getaddrinfo failed: Name or service not known in /home/ubuntu/workspace/config.php on line 9
[12-Nov-2017 03:05:09 UTC] PHP Stack trace:
[12-Nov-2017 03:05:09 UTC] PHP   1. {main}() /home/ubuntu/workspace/messages/get_messages.php:0
[12-Nov-2017 03:05:09 UTC] PHP   2. include() /home/ubuntu/workspace/messages/get_messages.php:3
[12-Nov-2017 03:05:09 UTC] PHP   3. PDO->__construct() /home/ubuntu/workspace/config.php:9
[12-Nov-2017 03:05:09 UTC] PHP Fatal error:  Call to a member function query() on a non-object in /home/ubuntu/workspace/messages/get_messages.php on line 5
[12-Nov-2017 03:05:09 UTC] PHP Stack trace:
[12-Nov-2017 03:05:09 UTC] PHP   1. {main}() /home/ubuntu/workspace/messages/get_messages.php:0
[12-Nov-2017 03:05:25 UTC] PHP Warning:  PDO::__construct(): php_network_getaddresses: getaddrinfo failed: Name or service not known in /home/ubuntu/workspace/config.php on line 9
[12-Nov-2017 03:05:25 UTC] PHP Stack trace:
[12-Nov-2017 03:05:25 UTC] PHP   1. {main}() /home/ubuntu/workspace/messages/get_messages.php:0
[12-Nov-2017 03:05:25 UTC] PHP   2. include() /home/ubuntu/workspace/messages/get_messages.php:3
[12-Nov-2017 03:05:25 UTC] PHP   3. PDO->__construct() /home/ubuntu/workspace/config.php:9
[12-Nov-2017 03:05:25 UTC] PHP Fatal error:  Call to a member function query() on a non-object in /home/ubuntu/workspace/messages/get_messages.php on line 5
[12-Nov-2017 03:05:25 UTC] PHP Stack trace:
[12-Nov-2017 03:05:25 UTC] PHP   1. {main}() /home/ubuntu/workspace/messages/get_messages.php:0
[12-Nov-2017 03:05:41 UTC] PHP Warning:  PDO::__construct(): php_network_getaddresses: getaddrinfo failed: Name or service not known in /home/ubuntu/workspace/config.php on line 9
[12-Nov-2017 03:05:41 UTC] PHP Stack trace:
[12-Nov-2017 03:05:41 UTC] PHP   1. {main}() /home/ubuntu/workspace/messages/get_messages.php:0
[12-Nov-2017 03:05:41 UTC] PHP   2. include() /home/ubuntu/workspace/messages/get_messages.php:3
[12-Nov-2017 03:05:41 UTC] PHP   3. PDO->__construct() /home/ubuntu/workspace/config.php:9
[12-Nov-2017 03:05:41 UTC] PHP Fatal error:  Call to a member function query() on a non-object in /home/ubuntu/workspace/messages/get_messages.php on line 5
[12-Nov-2017 03:05:41 UTC] PHP Stack trace:
[12-Nov-2017 03:05:41 UTC] PHP   1. {main}() /home/ubuntu/workspace/messages/get_messages.php:0
[12-Nov-2017 03:05:57 UTC] PHP Warning:  PDO::__construct(): php_network_getaddresses: getaddrinfo failed: Name or service not known in /home/ubuntu/workspace/config.php on line 9
[12-Nov-2017 03:05:57 UTC] PHP Stack trace:
[12-Nov-2017 03:05:57 UTC] PHP   1. {main}() /home/ubuntu/workspace/messages/get_messages.php:0
[12-Nov-2017 03:05:57 UTC] PHP   2. include() /home/ubuntu/workspace/messages/get_messages.php:3
[12-Nov-2017 03:05:57 UTC] PHP   3. PDO->__construct() /home/ubuntu/workspace/config.php:9
[12-Nov-2017 03:05:57 UTC] PHP Fatal error:  Call to a member function query() on a non-object in /home/ubuntu/workspace/messages/get_messages.php on line 5
[12-Nov-2017 03:05:57 UTC] PHP Stack trace:
[12-Nov-2017 03:05:57 UTC] PHP   1. {main}() /home/ubuntu/workspace/messages/get_messages.php:0
[12-Nov-2017 03:06:13 UTC] PHP Warning:  PDO::__construct(): php_network_getaddresses: getaddrinfo failed: Name or service not known in /home/ubuntu/workspace/config.php on line 9
[12-Nov-2017 03:06:13 UTC] PHP Stack trace:
[12-Nov-2017 03:06:13 UTC] PHP   1. {main}() /home/ubuntu/workspace/messages/get_messages.php:0
[12-Nov-2017 03:06:13 UTC] PHP   2. include() /home/ubuntu/workspace/messages/get_messages.php:3
[12-Nov-2017 03:06:13 UTC] PHP   3. PDO->__construct() /home/ubuntu/workspace/config.php:9
[12-Nov-2017 03:06:13 UTC] PHP Fatal error:  Call to a member function query() on a non-object in /home/ubuntu/workspace/messages/get_messages.php on line 5
[12-Nov-2017 03:06:13 UTC] PHP Stack trace:
[12-Nov-2017 03:06:13 UTC] PHP   1. {main}() /home/ubuntu/workspace/messages/get_messages.php:0
[12-Nov-2017 03:06:29 UTC] PHP Warning:  PDO::__construct(): php_network_getaddresses: getaddrinfo failed: Name or service not known in /home/ubuntu/workspace/config.php on line 9
[12-Nov-2017 03:06:29 UTC] PHP Stack trace:
[12-Nov-2017 03:06:29 UTC] PHP   1. {main}() /home/ubuntu/workspace/messages/get_messages.php:0
[12-Nov-2017 03:06:29 UTC] PHP   2. include() /home/ubuntu/workspace/messages/get_messages.php:3
[12-Nov-2017 03:06:29 UTC] PHP   3. PDO->__construct() /home/ubuntu/workspace/config.php:9
[12-Nov-2017 03:06:29 UTC] PHP Fatal error:  Call to a member function query() on a non-object in /home/ubuntu/workspace/messages/get_messages.php on line 5
[12-Nov-2017 03:06:29 UTC] PHP Stack trace:
[12-Nov-2017 03:06:29 UTC] PHP   1. {main}() /home/ubuntu/workspace/messages/get_messages.php:0
[12-Nov-2017 03:06:45 UTC] PHP Warning:  PDO::__construct(): php_network_getaddresses: getaddrinfo failed: Name or service not known in /home/ubuntu/workspace/config.php on line 9
[12-Nov-2017 03:06:45 UTC] PHP Stack trace:
[12-Nov-2017 03:06:45 UTC] PHP   1. {main}() /home/ubuntu/workspace/messages/get_messages.php:0
[12-Nov-2017 03:06:45 UTC] PHP   2. include() /home/ubuntu/workspace/messages/get_messages.php:3
[12-Nov-2017 03:06:45 UTC] PHP   3. PDO->__construct() /home/ubuntu/workspace/config.php:9
[12-Nov-2017 03:06:45 UTC] PHP Fatal error:  Call to a member function query() on a non-object in /home/ubuntu/workspace/messages/get_messages.php on line 5
[12-Nov-2017 03:06:45 UTC] PHP Stack trace:
[12-Nov-2017 03:06:45 UTC] PHP   1. {main}() /home/ubuntu/workspace/messages/get_messages.php:0
[12-Nov-2017 03:07:01 UTC] PHP Warning:  PDO::__construct(): php_network_getaddresses: getaddrinfo failed: Name or service not known in /home/ubuntu/workspace/config.php on line 9
[12-Nov-2017 03:07:01 UTC] PHP Stack trace:
[12-Nov-2017 03:07:01 UTC] PHP   1. {main}() /home/ubuntu/workspace/messages/get_messages.php:0
[12-Nov-2017 03:07:01 UTC] PHP   2. include() /home/ubuntu/workspace/messages/get_messages.php:3
[12-Nov-2017 03:07:01 UTC] PHP   3. PDO->__construct() /home/ubuntu/workspace/config.php:9
[12-Nov-2017 03:07:01 UTC] PHP Fatal error:  Call to a member function query() on a non-object in /home/ubuntu/workspace/messages/get_messages.php on line 5
[12-Nov-2017 03:07:01 UTC] PHP Stack trace:
[12-Nov-2017 03:07:01 UTC] PHP   1. {main}() /home/ubuntu/workspace/messages/get_messages.php:0
[12-Nov-2017 03:07:17 UTC] PHP Warning:  PDO::__construct(): php_network_getaddresses: getaddrinfo failed: Name or service not known in /home/ubuntu/workspace/config.php on line 9
[12-Nov-2017 03:07:17 UTC] PHP Stack trace:
[12-Nov-2017 03:07:17 UTC] PHP   1. {main}() /home/ubuntu/workspace/messages/get_messages.php:0
[12-Nov-2017 03:07:17 UTC] PHP   2. include() /home/ubuntu/workspace/messages/get_messages.php:3
[12-Nov-2017 03:07:17 UTC] PHP   3. PDO->__construct() /home/ubuntu/workspace/config.php:9
[12-Nov-2017 03:07:17 UTC] PHP Fatal error:  Call to a member function query() on a non-object in /home/ubuntu/workspace/messages/get_messages.php on line 5
[12-Nov-2017 03:07:17 UTC] PHP Stack trace:
[12-Nov-2017 03:07:17 UTC] PHP   1. {main}() /home/ubuntu/workspace/messages/get_messages.php:0
[12-Nov-2017 03:07:33 UTC] PHP Warning:  PDO::__construct(): php_network_getaddresses: getaddrinfo failed: Name or service not known in /home/ubuntu/workspace/config.php on line 9
[12-Nov-2017 03:07:33 UTC] PHP Stack trace:
[12-Nov-2017 03:07:33 UTC] PHP   1. {main}() /home/ubuntu/workspace/messages/get_messages.php:0
[12-Nov-2017 03:07:33 UTC] PHP   2. include() /home/ubuntu/workspace/messages/get_messages.php:3
[12-Nov-2017 03:07:33 UTC] PHP   3. PDO->__construct() /home/ubuntu/workspace/config.php:9
[12-Nov-2017 03:07:33 UTC] PHP Fatal error:  Call to a member function query() on a non-object in /home/ubuntu/workspace/messages/get_messages.php on line 5
[12-Nov-2017 03:07:33 UTC] PHP Stack trace:
[12-Nov-2017 03:07:33 UTC] PHP   1. {main}() /home/ubuntu/workspace/messages/get_messages.php:0
[12-Nov-2017 03:07:49 UTC] PHP Warning:  PDO::__construct(): php_network_getaddresses: getaddrinfo failed: Name or service not known in /home/ubuntu/workspace/config.php on line 9
[12-Nov-2017 03:07:49 UTC] PHP Stack trace:
[12-Nov-2017 03:07:49 UTC] PHP   1. {main}() /home/ubuntu/workspace/messages/get_messages.php:0
[12-Nov-2017 03:07:49 UTC] PHP   2. include() /home/ubuntu/workspace/messages/get_messages.php:3
[12-Nov-2017 03:07:49 UTC] PHP   3. PDO->__construct() /home/ubuntu/workspace/config.php:9
[12-Nov-2017 03:07:49 UTC] PHP Fatal error:  Call to a member function query() on a non-object in /home/ubuntu/workspace/messages/get_messages.php on line 5
[12-Nov-2017 03:07:49 UTC] PHP Stack trace:
[12-Nov-2017 03:07:49 UTC] PHP   1. {main}() /home/ubuntu/workspace/messages/get_messages.php:0
[12-Nov-2017 03:08:05 UTC] PHP Warning:  PDO::__construct(): php_network_getaddresses: getaddrinfo failed: Name or service not known in /home/ubuntu/workspace/config.php on line 9
[12-Nov-2017 03:08:05 UTC] PHP Stack trace:
[12-Nov-2017 03:08:05 UTC] PHP   1. {main}() /home/ubuntu/workspace/messages/get_messages.php:0
[12-Nov-2017 03:08:05 UTC] PHP   2. include() /home/ubuntu/workspace/messages/get_messages.php:3
[12-Nov-2017 03:08:05 UTC] PHP   3. PDO->__construct() /home/ubuntu/workspace/config.php:9
[12-Nov-2017 03:08:05 UTC] PHP Fatal error:  Call to a member function query() on a non-object in /home/ubuntu/workspace/messages/get_messages.php on line 5
[12-Nov-2017 03:08:05 UTC] PHP Stack trace:
[12-Nov-2017 03:08:05 UTC] PHP   1. {main}() /home/ubuntu/workspace/messages/get_messages.php:0
[12-Nov-2017 03:08:21 UTC] PHP Warning:  PDO::__construct(): php_network_getaddresses: getaddrinfo failed: Name or service not known in /home/ubuntu/workspace/config.php on line 9
[12-Nov-2017 03:08:21 UTC] PHP Stack trace:
[12-Nov-2017 03:08:21 UTC] PHP   1. {main}() /home/ubuntu/workspace/messages/get_messages.php:0
[12-Nov-2017 03:08:21 UTC] PHP   2. include() /home/ubuntu/workspace/messages/get_messages.php:3
[12-Nov-2017 03:08:21 UTC] PHP   3. PDO->__construct() /home/ubuntu/workspace/config.php:9
[12-Nov-2017 03:08:21 UTC] PHP Fatal error:  Call to a member function query() on a non-object in /home/ubuntu/workspace/messages/get_messages.php on line 5
[12-Nov-2017 03:08:21 UTC] PHP Stack trace:
[12-Nov-2017 03:08:21 UTC] PHP   1. {main}() /home/ubuntu/workspace/messages/get_messages.php:0
[12-Nov-2017 03:08:37 UTC] PHP Warning:  PDO::__construct(): php_network_getaddresses: getaddrinfo failed: Name or service not known in /home/ubuntu/workspace/config.php on line 9
[12-Nov-2017 03:08:37 UTC] PHP Stack trace:
[12-Nov-2017 03:08:37 UTC] PHP   1. {main}() /home/ubuntu/workspace/messages/get_messages.php:0
[12-Nov-2017 03:08:37 UTC] PHP   2. include() /home/ubuntu/workspace/messages/get_messages.php:3
[12-Nov-2017 03:08:37 UTC] PHP   3. PDO->__construct() /home/ubuntu/workspace/config.php:9
[12-Nov-2017 03:08:37 UTC] PHP Fatal error:  Call to a member function query() on a non-object in /home/ubuntu/workspace/messages/get_messages.php on line 5
[12-Nov-2017 03:08:37 UTC] PHP Stack trace:
[12-Nov-2017 03:08:37 UTC] PHP   1. {main}() /home/ubuntu/workspace/messages/get_messages.php:0
[12-Nov-2017 03:08:53 UTC] PHP Warning:  PDO::__construct(): php_network_getaddresses: getaddrinfo failed: Name or service not known in /home/ubuntu/workspace/config.php on line 9
[12-Nov-2017 03:08:53 UTC] PHP Stack trace:
[12-Nov-2017 03:08:53 UTC] PHP   1. {main}() /home/ubuntu/workspace/messages/get_messages.php:0
[12-Nov-2017 03:08:53 UTC] PHP   2. include() /home/ubuntu/workspace/messages/get_messages.php:3
[12-Nov-2017 03:08:53 UTC] PHP   3. PDO->__construct() /home/ubuntu/workspace/config.php:9
[12-Nov-2017 03:08:53 UTC] PHP Fatal error:  Call to a member function query() on a non-object in /home/ubuntu/workspace/messages/get_messages.php on line 5
[12-Nov-2017 03:08:53 UTC] PHP Stack trace:
[12-Nov-2017 03:08:53 UTC] PHP   1. {main}() /home/ubuntu/workspace/messages/get_messages.php:0
[12-Nov-2017 03:09:09 UTC] PHP Warning:  PDO::__construct(): php_network_getaddresses: getaddrinfo failed: Name or service not known in /home/ubuntu/workspace/config.php on line 9
[12-Nov-2017 03:09:09 UTC] PHP Stack trace:
[12-Nov-2017 03:09:09 UTC] PHP   1. {main}() /home/ubuntu/workspace/messages/get_messages.php:0
[12-Nov-2017 03:09:09 UTC] PHP   2. include() /home/ubuntu/workspace/messages/get_messages.php:3
[12-Nov-2017 03:09:09 UTC] PHP   3. PDO->__construct() /home/ubuntu/workspace/config.php:9
[12-Nov-2017 03:09:09 UTC] PHP Fatal error:  Call to a member function query() on a non-object in /home/ubuntu/workspace/messages/get_messages.php on line 5
[12-Nov-2017 03:09:09 UTC] PHP Stack trace:
[12-Nov-2017 03:09:09 UTC] PHP   1. {main}() /home/ubuntu/workspace/messages/get_messages.php:0
[12-Nov-2017 03:09:25 UTC] PHP Warning:  PDO::__construct(): php_network_getaddresses: getaddrinfo failed: Name or service not known in /home/ubuntu/workspace/config.php on line 9
[12-Nov-2017 03:09:25 UTC] PHP Stack trace:
[12-Nov-2017 03:09:25 UTC] PHP   1. {main}() /home/ubuntu/workspace/messages/get_messages.php:0
[12-Nov-2017 03:09:25 UTC] PHP   2. include() /home/ubuntu/workspace/messages/get_messages.php:3
[12-Nov-2017 03:09:25 UTC] PHP   3. PDO->__construct() /home/ubuntu/workspace/config.php:9
[12-Nov-2017 03:09:25 UTC] PHP Fatal error:  Call to a member function query() on a non-object in /home/ubuntu/workspace/messages/get_messages.php on line 5
[12-Nov-2017 03:09:25 UTC] PHP Stack trace:
[12-Nov-2017 03:09:25 UTC] PHP   1. {main}() /home/ubuntu/workspace/messages/get_messages.php:0
[12-Nov-2017 03:09:41 UTC] PHP Warning:  PDO::__construct(): php_network_getaddresses: getaddrinfo failed: Name or service not known in /home/ubuntu/workspace/config.php on line 9
[12-Nov-2017 03:09:41 UTC] PHP Stack trace:
[12-Nov-2017 03:09:41 UTC] PHP   1. {main}() /home/ubuntu/workspace/messages/get_messages.php:0
[12-Nov-2017 03:09:41 UTC] PHP   2. include() /home/ubuntu/workspace/messages/get_messages.php:3
[12-Nov-2017 03:09:41 UTC] PHP   3. PDO->__construct() /home/ubuntu/workspace/config.php:9
[12-Nov-2017 03:09:41 UTC] PHP Fatal error:  Call to a member function query() on a non-object in /home/ubuntu/workspace/messages/get_messages.php on line 5
[12-Nov-2017 03:09:41 UTC] PHP Stack trace:
[12-Nov-2017 03:09:41 UTC] PHP   1. {main}() /home/ubuntu/workspace/messages/get_messages.php:0
[12-Nov-2017 03:09:57 UTC] PHP Warning:  PDO::__construct(): php_network_getaddresses: getaddrinfo failed: Name or service not known in /home/ubuntu/workspace/config.php on line 9
[12-Nov-2017 03:09:57 UTC] PHP Stack trace:
[12-Nov-2017 03:09:57 UTC] PHP   1. {main}() /home/ubuntu/workspace/messages/get_messages.php:0
[12-Nov-2017 03:09:57 UTC] PHP   2. include() /home/ubuntu/workspace/messages/get_messages.php:3
[12-Nov-2017 03:09:57 UTC] PHP   3. PDO->__construct() /home/ubuntu/workspace/config.php:9
[12-Nov-2017 03:09:57 UTC] PHP Fatal error:  Call to a member function query() on a non-object in /home/ubuntu/workspace/messages/get_messages.php on line 5
[12-Nov-2017 03:09:57 UTC] PHP Stack trace:
[12-Nov-2017 03:09:57 UTC] PHP   1. {main}() /home/ubuntu/workspace/messages/get_messages.php:0
[12-Nov-2017 03:10:13 UTC] PHP Warning:  PDO::__construct(): php_network_getaddresses: getaddrinfo failed: Name or service not known in /home/ubuntu/workspace/config.php on line 9
[12-Nov-2017 03:10:13 UTC] PHP Stack trace:
[12-Nov-2017 03:10:13 UTC] PHP   1. {main}() /home/ubuntu/workspace/messages/get_messages.php:0
[12-Nov-2017 03:10:13 UTC] PHP   2. include() /home/ubuntu/workspace/messages/get_messages.php:3
[12-Nov-2017 03:10:13 UTC] PHP   3. PDO->__construct() /home/ubuntu/workspace/config.php:9
[12-Nov-2017 03:10:13 UTC] PHP Fatal error:  Call to a member function query() on a non-object in /home/ubuntu/workspace/messages/get_messages.php on line 5
[12-Nov-2017 03:10:13 UTC] PHP Stack trace:
[12-Nov-2017 03:10:13 UTC] PHP   1. {main}() /home/ubuntu/workspace/messages/get_messages.php:0
[12-Nov-2017 03:10:29 UTC] PHP Warning:  PDO::__construct(): php_network_getaddresses: getaddrinfo failed: Name or service not known in /home/ubuntu/workspace/config.php on line 9
[12-Nov-2017 03:10:29 UTC] PHP Stack trace:
[12-Nov-2017 03:10:29 UTC] PHP   1. {main}() /home/ubuntu/workspace/messages/get_messages.php:0
[12-Nov-2017 03:10:29 UTC] PHP   2. include() /home/ubuntu/workspace/messages/get_messages.php:3
[12-Nov-2017 03:10:29 UTC] PHP   3. PDO->__construct() /home/ubuntu/workspace/config.php:9
[12-Nov-2017 03:10:29 UTC] PHP Fatal error:  Call to a member function query() on a non-object in /home/ubuntu/workspace/messages/get_messages.php on line 5
[12-Nov-2017 03:10:29 UTC] PHP Stack trace:
[12-Nov-2017 03:10:29 UTC] PHP   1. {main}() /home/ubuntu/workspace/messages/get_messages.php:0
[12-Nov-2017 03:10:45 UTC] PHP Warning:  PDO::__construct(): php_network_getaddresses: getaddrinfo failed: Name or service not known in /home/ubuntu/workspace/config.php on line 9
[12-Nov-2017 03:10:45 UTC] PHP Stack trace:
[12-Nov-2017 03:10:45 UTC] PHP   1. {main}() /home/ubuntu/workspace/messages/get_messages.php:0
[12-Nov-2017 03:10:45 UTC] PHP   2. include() /home/ubuntu/workspace/messages/get_messages.php:3
[12-Nov-2017 03:10:45 UTC] PHP   3. PDO->__construct() /home/ubuntu/workspace/config.php:9
[12-Nov-2017 03:10:45 UTC] PHP Fatal error:  Call to a member function query() on a non-object in /home/ubuntu/workspace/messages/get_messages.php on line 5
[12-Nov-2017 03:10:45 UTC] PHP Stack trace:
[12-Nov-2017 03:10:45 UTC] PHP   1. {main}() /home/ubuntu/workspace/messages/get_messages.php:0
[12-Nov-2017 03:11:01 UTC] PHP Warning:  PDO::__construct(): php_network_getaddresses: getaddrinfo failed: Name or service not known in /home/ubuntu/workspace/config.php on line 9
[12-Nov-2017 03:11:01 UTC] PHP Stack trace:
[12-Nov-2017 03:11:01 UTC] PHP   1. {main}() /home/ubuntu/workspace/messages/get_messages.php:0
[12-Nov-2017 03:11:01 UTC] PHP   2. include() /home/ubuntu/workspace/messages/get_messages.php:3
[12-Nov-2017 03:11:01 UTC] PHP   3. PDO->__construct() /home/ubuntu/workspace/config.php:9
[12-Nov-2017 03:11:01 UTC] PHP Fatal error:  Call to a member function query() on a non-object in /home/ubuntu/workspace/messages/get_messages.php on line 5
[12-Nov-2017 03:11:01 UTC] PHP Stack trace:
[12-Nov-2017 03:11:01 UTC] PHP   1. {main}() /home/ubuntu/workspace/messages/get_messages.php:0
[12-Nov-2017 03:11:17 UTC] PHP Warning:  PDO::__construct(): php_network_getaddresses: getaddrinfo failed: Name or service not known in /home/ubuntu/workspace/config.php on line 9
[12-Nov-2017 03:11:17 UTC] PHP Stack trace:
[12-Nov-2017 03:11:17 UTC] PHP   1. {main}() /home/ubuntu/workspace/messages/get_messages.php:0
[12-Nov-2017 03:11:17 UTC] PHP   2. include() /home/ubuntu/workspace/messages/get_messages.php:3
[12-Nov-2017 03:11:17 UTC] PHP   3. PDO->__construct() /home/ubuntu/workspace/config.php:9
[12-Nov-2017 03:11:17 UTC] PHP Fatal error:  Call to a member function query() on a non-object in /home/ubuntu/workspace/messages/get_messages.php on line 5
[12-Nov-2017 03:11:17 UTC] PHP Stack trace:
[12-Nov-2017 03:11:17 UTC] PHP   1. {main}() /home/ubuntu/workspace/messages/get_messages.php:0
[12-Nov-2017 03:11:33 UTC] PHP Warning:  PDO::__construct(): php_network_getaddresses: getaddrinfo failed: Name or service not known in /home/ubuntu/workspace/config.php on line 9
[12-Nov-2017 03:11:33 UTC] PHP Stack trace:
[12-Nov-2017 03:11:33 UTC] PHP   1. {main}() /home/ubuntu/workspace/messages/get_messages.php:0
[12-Nov-2017 03:11:33 UTC] PHP   2. include() /home/ubuntu/workspace/messages/get_messages.php:3
[12-Nov-2017 03:11:33 UTC] PHP   3. PDO->__construct() /home/ubuntu/workspace/config.php:9
[12-Nov-2017 03:11:33 UTC] PHP Fatal error:  Call to a member function query() on a non-object in /home/ubuntu/workspace/messages/get_messages.php on line 5
[12-Nov-2017 03:11:33 UTC] PHP Stack trace:
[12-Nov-2017 03:11:33 UTC] PHP   1. {main}() /home/ubuntu/workspace/messages/get_messages.php:0
[12-Nov-2017 03:11:49 UTC] PHP Warning:  PDO::__construct(): php_network_getaddresses: getaddrinfo failed: Name or service not known in /home/ubuntu/workspace/config.php on line 9
[12-Nov-2017 03:11:49 UTC] PHP Stack trace:
[12-Nov-2017 03:11:49 UTC] PHP   1. {main}() /home/ubuntu/workspace/messages/get_messages.php:0
[12-Nov-2017 03:11:49 UTC] PHP   2. include() /home/ubuntu/workspace/messages/get_messages.php:3
[12-Nov-2017 03:11:49 UTC] PHP   3. PDO->__construct() /home/ubuntu/workspace/config.php:9
[12-Nov-2017 03:11:49 UTC] PHP Fatal error:  Call to a member function query() on a non-object in /home/ubuntu/workspace/messages/get_messages.php on line 5
[12-Nov-2017 03:11:49 UTC] PHP Stack trace:
[12-Nov-2017 03:11:49 UTC] PHP   1. {main}() /home/ubuntu/workspace/messages/get_messages.php:0
[12-Nov-2017 03:12:05 UTC] PHP Warning:  PDO::__construct(): php_network_getaddresses: getaddrinfo failed: Name or service not known in /home/ubuntu/workspace/config.php on line 9
[12-Nov-2017 03:12:05 UTC] PHP Stack trace:
[12-Nov-2017 03:12:05 UTC] PHP   1. {main}() /home/ubuntu/workspace/messages/get_messages.php:0
[12-Nov-2017 03:12:05 UTC] PHP   2. include() /home/ubuntu/workspace/messages/get_messages.php:3
[12-Nov-2017 03:12:05 UTC] PHP   3. PDO->__construct() /home/ubuntu/workspace/config.php:9
[12-Nov-2017 03:12:05 UTC] PHP Fatal error:  Call to a member function query() on a non-object in /home/ubuntu/workspace/messages/get_messages.php on line 5
[12-Nov-2017 03:12:05 UTC] PHP Stack trace:
[12-Nov-2017 03:12:05 UTC] PHP   1. {main}() /home/ubuntu/workspace/messages/get_messages.php:0
[12-Nov-2017 03:12:21 UTC] PHP Warning:  PDO::__construct(): php_network_getaddresses: getaddrinfo failed: Name or service not known in /home/ubuntu/workspace/config.php on line 9
[12-Nov-2017 03:12:21 UTC] PHP Stack trace:
[12-Nov-2017 03:12:21 UTC] PHP   1. {main}() /home/ubuntu/workspace/messages/get_messages.php:0
[12-Nov-2017 03:12:21 UTC] PHP   2. include() /home/ubuntu/workspace/messages/get_messages.php:3
[12-Nov-2017 03:12:21 UTC] PHP   3. PDO->__construct() /home/ubuntu/workspace/config.php:9
[12-Nov-2017 03:12:21 UTC] PHP Fatal error:  Call to a member function query() on a non-object in /home/ubuntu/workspace/messages/get_messages.php on line 5
[12-Nov-2017 03:12:21 UTC] PHP Stack trace:
[12-Nov-2017 03:12:21 UTC] PHP   1. {main}() /home/ubuntu/workspace/messages/get_messages.php:0
[12-Nov-2017 03:12:37 UTC] PHP Warning:  PDO::__construct(): php_network_getaddresses: getaddrinfo failed: Name or service not known in /home/ubuntu/workspace/config.php on line 9
[12-Nov-2017 03:12:37 UTC] PHP Stack trace:
[12-Nov-2017 03:12:37 UTC] PHP   1. {main}() /home/ubuntu/workspace/messages/get_messages.php:0
[12-Nov-2017 03:12:37 UTC] PHP   2. include() /home/ubuntu/workspace/messages/get_messages.php:3
[12-Nov-2017 03:12:37 UTC] PHP   3. PDO->__construct() /home/ubuntu/workspace/config.php:9
[12-Nov-2017 03:12:37 UTC] PHP Fatal error:  Call to a member function query() on a non-object in /home/ubuntu/workspace/messages/get_messages.php on line 5
[12-Nov-2017 03:12:37 UTC] PHP Stack trace:
[12-Nov-2017 03:12:37 UTC] PHP   1. {main}() /home/ubuntu/workspace/messages/get_messages.php:0
[12-Nov-2017 03:12:53 UTC] PHP Warning:  PDO::__construct(): php_network_getaddresses: getaddrinfo failed: Name or service not known in /home/ubuntu/workspace/config.php on line 9
[12-Nov-2017 03:12:53 UTC] PHP Stack trace:
[12-Nov-2017 03:12:53 UTC] PHP   1. {main}() /home/ubuntu/workspace/messages/get_messages.php:0
[12-Nov-2017 03:12:53 UTC] PHP   2. include() /home/ubuntu/workspace/messages/get_messages.php:3
[12-Nov-2017 03:12:53 UTC] PHP   3. PDO->__construct() /home/ubuntu/workspace/config.php:9
[12-Nov-2017 03:12:53 UTC] PHP Fatal error:  Call to a member function query() on a non-object in /home/ubuntu/workspace/messages/get_messages.php on line 5
[12-Nov-2017 03:12:53 UTC] PHP Stack trace:
[12-Nov-2017 03:12:53 UTC] PHP   1. {main}() /home/ubuntu/workspace/messages/get_messages.php:0
[12-Nov-2017 03:13:24 UTC] PHP Warning:  PDO::__construct(): php_network_getaddresses: getaddrinfo failed: Name or service not known in /home/ubuntu/workspace/config.php on line 9
[12-Nov-2017 03:13:24 UTC] PHP Stack trace:
[12-Nov-2017 03:13:24 UTC] PHP   1. {main}() /home/ubuntu/workspace/messages/get_messages.php:0
[12-Nov-2017 03:13:24 UTC] PHP   2. include() /home/ubuntu/workspace/messages/get_messages.php:3
[12-Nov-2017 03:13:24 UTC] PHP   3. PDO->__construct() /home/ubuntu/workspace/config.php:9
[12-Nov-2017 03:13:24 UTC] PHP Fatal error:  Call to a member function query() on a non-object in /home/ubuntu/workspace/messages/get_messages.php on line 5
[12-Nov-2017 03:13:24 UTC] PHP Stack trace:
[12-Nov-2017 03:13:24 UTC] PHP   1. {main}() /home/ubuntu/workspace/messages/get_messages.php:0
[12-Nov-2017 03:13:39 UTC] PHP Warning:  PDO::__construct(): php_network_getaddresses: getaddrinfo failed: Name or service not known in /home/ubuntu/workspace/config.php on line 9
[12-Nov-2017 03:13:39 UTC] PHP Stack trace:
[12-Nov-2017 03:13:39 UTC] PHP   1. {main}() /home/ubuntu/workspace/messages/get_messages.php:0
[12-Nov-2017 03:13:39 UTC] PHP   2. include() /home/ubuntu/workspace/messages/get_messages.php:3
[12-Nov-2017 03:13:39 UTC] PHP   3. PDO->__construct() /home/ubuntu/workspace/config.php:9
[12-Nov-2017 03:13:39 UTC] PHP Fatal error:  Call to a member function query() on a non-object in /home/ubuntu/workspace/messages/get_messages.php on line 5
[12-Nov-2017 03:13:39 UTC] PHP Stack trace:
[12-Nov-2017 03:13:39 UTC] PHP   1. {main}() /home/ubuntu/workspace/messages/get_messages.php:0
[12-Nov-2017 03:13:54 UTC] PHP Warning:  PDO::__construct(): php_network_getaddresses: getaddrinfo failed: Name or service not known in /home/ubuntu/workspace/config.php on line 9
[12-Nov-2017 03:13:54 UTC] PHP Stack trace:
[12-Nov-2017 03:13:54 UTC] PHP   1. {main}() /home/ubuntu/workspace/messages/get_messages.php:0
[12-Nov-2017 03:13:54 UTC] PHP   2. include() /home/ubuntu/workspace/messages/get_messages.php:3
[12-Nov-2017 03:13:54 UTC] PHP   3. PDO->__construct() /home/ubuntu/workspace/config.php:9
[12-Nov-2017 03:13:54 UTC] PHP Fatal error:  Call to a member function query() on a non-object in /home/ubuntu/workspace/messages/get_messages.php on line 5
[12-Nov-2017 03:13:54 UTC] PHP Stack trace:
[12-Nov-2017 03:13:54 UTC] PHP   1. {main}() /home/ubuntu/workspace/messages/get_messages.php:0
[12-Nov-2017 03:14:10 UTC] PHP Warning:  PDO::__construct(): php_network_getaddresses: getaddrinfo failed: Name or service not known in /home/ubuntu/workspace/config.php on line 9
[12-Nov-2017 03:14:10 UTC] PHP Stack trace:
[12-Nov-2017 03:14:10 UTC] PHP   1. {main}() /home/ubuntu/workspace/messages/get_messages.php:0
[12-Nov-2017 03:14:10 UTC] PHP   2. include() /home/ubuntu/workspace/messages/get_messages.php:3
[12-Nov-2017 03:14:10 UTC] PHP   3. PDO->__construct() /home/ubuntu/workspace/config.php:9
[12-Nov-2017 03:14:10 UTC] PHP Fatal error:  Call to a member function query() on a non-object in /home/ubuntu/workspace/messages/get_messages.php on line 5
[12-Nov-2017 03:14:10 UTC] PHP Stack trace:
[12-Nov-2017 03:14:10 UTC] PHP   1. {main}() /home/ubuntu/workspace/messages/get_messages.php:0
[12-Nov-2017 03:14:26 UTC] PHP Warning:  PDO::__construct(): php_network_getaddresses: getaddrinfo failed: Name or service not known in /home/ubuntu/workspace/config.php on line 9
[12-Nov-2017 03:14:26 UTC] PHP Stack trace:
[12-Nov-2017 03:14:26 UTC] PHP   1. {main}() /home/ubuntu/workspace/messages/get_messages.php:0
[12-Nov-2017 03:14:26 UTC] PHP   2. include() /home/ubuntu/workspace/messages/get_messages.php:3
[12-Nov-2017 03:14:26 UTC] PHP   3. PDO->__construct() /home/ubuntu/workspace/config.php:9
[12-Nov-2017 03:14:26 UTC] PHP Fatal error:  Call to a member function query() on a non-object in /home/ubuntu/workspace/messages/get_messages.php on line 5
[12-Nov-2017 03:14:26 UTC] PHP Stack trace:
[12-Nov-2017 03:14:26 UTC] PHP   1. {main}() /home/ubuntu/workspace/messages/get_messages.php:0
[12-Nov-2017 03:14:42 UTC] PHP Warning:  PDO::__construct(): php_network_getaddresses: getaddrinfo failed: Name or service not known in /home/ubuntu/workspace/config.php on line 9
[12-Nov-2017 03:14:42 UTC] PHP Stack trace:
[12-Nov-2017 03:14:42 UTC] PHP   1. {main}() /home/ubuntu/workspace/messages/get_messages.php:0
[12-Nov-2017 03:14:42 UTC] PHP   2. include() /home/ubuntu/workspace/messages/get_messages.php:3
[12-Nov-2017 03:14:42 UTC] PHP   3. PDO->__construct() /home/ubuntu/workspace/config.php:9
[12-Nov-2017 03:14:42 UTC] PHP Fatal error:  Call to a member function query() on a non-object in /home/ubuntu/workspace/messages/get_messages.php on line 5
[12-Nov-2017 03:14:42 UTC] PHP Stack trace:
[12-Nov-2017 03:14:42 UTC] PHP   1. {main}() /home/ubuntu/workspace/messages/get_messages.php:0
[12-Nov-2017 03:14:43 UTC] PHP Warning:  PDO::__construct(): php_network_getaddresses: getaddrinfo failed: Name or service not known in /home/ubuntu/workspace/config.php on line 9
[12-Nov-2017 03:14:43 UTC] PHP Stack trace:
[12-Nov-2017 03:14:43 UTC] PHP   1. {main}() /home/ubuntu/workspace/messages/get_messages.php:0
[12-Nov-2017 03:14:43 UTC] PHP   2. include() /home/ubuntu/workspace/messages/get_messages.php:3
[12-Nov-2017 03:14:43 UTC] PHP   3. PDO->__construct() /home/ubuntu/workspace/config.php:9
[12-Nov-2017 03:14:43 UTC] PHP Fatal error:  Call to a member function query() on a non-object in /home/ubuntu/workspace/messages/get_messages.php on line 5
[12-Nov-2017 03:14:43 UTC] PHP Stack trace:
[12-Nov-2017 03:14:43 UTC] PHP   1. {main}() /home/ubuntu/workspace/messages/get_messages.php:0
[12-Nov-2017 03:14:59 UTC] PHP Warning:  PDO::__construct(): php_network_getaddresses: getaddrinfo failed: Name or service not known in /home/ubuntu/workspace/config.php on line 9
[12-Nov-2017 03:14:59 UTC] PHP Stack trace:
[12-Nov-2017 03:14:59 UTC] PHP   1. {main}() /home/ubuntu/workspace/messages/get_messages.php:0
[12-Nov-2017 03:14:59 UTC] PHP   2. include() /home/ubuntu/workspace/messages/get_messages.php:3
[12-Nov-2017 03:14:59 UTC] PHP   3. PDO->__construct() /home/ubuntu/workspace/config.php:9
[12-Nov-2017 03:14:59 UTC] PHP Fatal error:  Call to a member function query() on a non-object in /home/ubuntu/workspace/messages/get_messages.php on line 5
[12-Nov-2017 03:14:59 UTC] PHP Stack trace:
[12-Nov-2017 03:14:59 UTC] PHP   1. {main}() /home/ubuntu/workspace/messages/get_messages.php:0
[12-Nov-2017 03:15:15 UTC] PHP Warning:  PDO::__construct(): php_network_getaddresses: getaddrinfo failed: Name or service not known in /home/ubuntu/workspace/config.php on line 9
[12-Nov-2017 03:15:15 UTC] PHP Stack trace:
[12-Nov-2017 03:15:15 UTC] PHP   1. {main}() /home/ubuntu/workspace/messages/get_messages.php:0
[12-Nov-2017 03:15:15 UTC] PHP   2. include() /home/ubuntu/workspace/messages/get_messages.php:3
[12-Nov-2017 03:15:15 UTC] PHP   3. PDO->__construct() /home/ubuntu/workspace/config.php:9
[12-Nov-2017 03:15:15 UTC] PHP Fatal error:  Call to a member function query() on a non-object in /home/ubuntu/workspace/messages/get_messages.php on line 5
[12-Nov-2017 03:15:15 UTC] PHP Stack trace:
[12-Nov-2017 03:15:15 UTC] PHP   1. {main}() /home/ubuntu/workspace/messages/get_messages.php:0
[12-Nov-2017 03:15:31 UTC] PHP Warning:  PDO::__construct(): php_network_getaddresses: getaddrinfo failed: Name or service not known in /home/ubuntu/workspace/config.php on line 9
[12-Nov-2017 03:15:31 UTC] PHP Stack trace:
[12-Nov-2017 03:15:31 UTC] PHP   1. {main}() /home/ubuntu/workspace/messages/get_messages.php:0
[12-Nov-2017 03:15:31 UTC] PHP   2. include() /home/ubuntu/workspace/messages/get_messages.php:3
[12-Nov-2017 03:15:31 UTC] PHP   3. PDO->__construct() /home/ubuntu/workspace/config.php:9
[12-Nov-2017 03:15:31 UTC] PHP Fatal error:  Call to a member function query() on a non-object in /home/ubuntu/workspace/messages/get_messages.php on line 5
[12-Nov-2017 03:15:31 UTC] PHP Stack trace:
[12-Nov-2017 03:15:31 UTC] PHP   1. {main}() /home/ubuntu/workspace/messages/get_messages.php:0
[12-Nov-2017 03:15:47 UTC] PHP Warning:  PDO::__construct(): php_network_getaddresses: getaddrinfo failed: Name or service not known in /home/ubuntu/workspace/config.php on line 9
[12-Nov-2017 03:15:47 UTC] PHP Stack trace:
[12-Nov-2017 03:15:47 UTC] PHP   1. {main}() /home/ubuntu/workspace/messages/get_messages.php:0
[12-Nov-2017 03:15:47 UTC] PHP   2. include() /home/ubuntu/workspace/messages/get_messages.php:3
[12-Nov-2017 03:15:47 UTC] PHP   3. PDO->__construct() /home/ubuntu/workspace/config.php:9
[12-Nov-2017 03:15:47 UTC] PHP Fatal error:  Call to a member function query() on a non-object in /home/ubuntu/workspace/messages/get_messages.php on line 5
[12-Nov-2017 03:15:47 UTC] PHP Stack trace:
[12-Nov-2017 03:15:47 UTC] PHP   1. {main}() /home/ubuntu/workspace/messages/get_messages.php:0
[12-Nov-2017 03:16:03 UTC] PHP Warning:  PDO::__construct(): php_network_getaddresses: getaddrinfo failed: Name or service not known in /home/ubuntu/workspace/config.php on line 9
[12-Nov-2017 03:16:03 UTC] PHP Stack trace:
[12-Nov-2017 03:16:03 UTC] PHP   1. {main}() /home/ubuntu/workspace/messages/get_messages.php:0
[12-Nov-2017 03:16:03 UTC] PHP   2. include() /home/ubuntu/workspace/messages/get_messages.php:3
[12-Nov-2017 03:16:03 UTC] PHP   3. PDO->__construct() /home/ubuntu/workspace/config.php:9
[12-Nov-2017 03:16:03 UTC] PHP Fatal error:  Call to a member function query() on a non-object in /home/ubuntu/workspace/messages/get_messages.php on line 5
[12-Nov-2017 03:16:03 UTC] PHP Stack trace:
[12-Nov-2017 03:16:03 UTC] PHP   1. {main}() /home/ubuntu/workspace/messages/get_messages.php:0
[12-Nov-2017 03:16:19 UTC] PHP Warning:  PDO::__construct(): php_network_getaddresses: getaddrinfo failed: Name or service not known in /home/ubuntu/workspace/config.php on line 9
[12-Nov-2017 03:16:19 UTC] PHP Stack trace:
[12-Nov-2017 03:16:19 UTC] PHP   1. {main}() /home/ubuntu/workspace/messages/get_messages.php:0
[12-Nov-2017 03:16:19 UTC] PHP   2. include() /home/ubuntu/workspace/messages/get_messages.php:3
[12-Nov-2017 03:16:19 UTC] PHP   3. PDO->__construct() /home/ubuntu/workspace/config.php:9
[12-Nov-2017 03:16:19 UTC] PHP Fatal error:  Call to a member function query() on a non-object in /home/ubuntu/workspace/messages/get_messages.php on line 5
[12-Nov-2017 03:16:19 UTC] PHP Stack trace:
[12-Nov-2017 03:16:19 UTC] PHP   1. {main}() /home/ubuntu/workspace/messages/get_messages.php:0
[12-Nov-2017 03:16:35 UTC] PHP Warning:  PDO::__construct(): php_network_getaddresses: getaddrinfo failed: Name or service not known in /home/ubuntu/workspace/config.php on line 9
[12-Nov-2017 03:16:35 UTC] PHP Stack trace:
[12-Nov-2017 03:16:35 UTC] PHP   1. {main}() /home/ubuntu/workspace/messages/get_messages.php:0
[12-Nov-2017 03:16:35 UTC] PHP   2. include() /home/ubuntu/workspace/messages/get_messages.php:3
[12-Nov-2017 03:16:35 UTC] PHP   3. PDO->__construct() /home/ubuntu/workspace/config.php:9
[12-Nov-2017 03:16:35 UTC] PHP Fatal error:  Call to a member function query() on a non-object in /home/ubuntu/workspace/messages/get_messages.php on line 5
[12-Nov-2017 03:16:35 UTC] PHP Stack trace:
[12-Nov-2017 03:16:35 UTC] PHP   1. {main}() /home/ubuntu/workspace/messages/get_messages.php:0
[12-Nov-2017 03:16:51 UTC] PHP Warning:  PDO::__construct(): php_network_getaddresses: getaddrinfo failed: Name or service not known in /home/ubuntu/workspace/config.php on line 9
[12-Nov-2017 03:16:51 UTC] PHP Stack trace:
[12-Nov-2017 03:16:51 UTC] PHP   1. {main}() /home/ubuntu/workspace/messages/get_messages.php:0
[12-Nov-2017 03:16:51 UTC] PHP   2. include() /home/ubuntu/workspace/messages/get_messages.php:3
[12-Nov-2017 03:16:51 UTC] PHP   3. PDO->__construct() /home/ubuntu/workspace/config.php:9
[12-Nov-2017 03:16:51 UTC] PHP Fatal error:  Call to a member function query() on a non-object in /home/ubuntu/workspace/messages/get_messages.php on line 5
[12-Nov-2017 03:16:51 UTC] PHP Stack trace:
[12-Nov-2017 03:16:51 UTC] PHP   1. {main}() /home/ubuntu/workspace/messages/get_messages.php:0
[12-Nov-2017 03:17:07 UTC] PHP Warning:  PDO::__construct(): php_network_getaddresses: getaddrinfo failed: Name or service not known in /home/ubuntu/workspace/config.php on line 9
[12-Nov-2017 03:17:07 UTC] PHP Stack trace:
[12-Nov-2017 03:17:07 UTC] PHP   1. {main}() /home/ubuntu/workspace/messages/get_messages.php:0
[12-Nov-2017 03:17:07 UTC] PHP   2. include() /home/ubuntu/workspace/messages/get_messages.php:3
[12-Nov-2017 03:17:07 UTC] PHP   3. PDO->__construct() /home/ubuntu/workspace/config.php:9
[12-Nov-2017 03:17:07 UTC] PHP Fatal error:  Call to a member function query() on a non-object in /home/ubuntu/workspace/messages/get_messages.php on line 5
[12-Nov-2017 03:17:07 UTC] PHP Stack trace:
[12-Nov-2017 03:17:07 UTC] PHP   1. {main}() /home/ubuntu/workspace/messages/get_messages.php:0
[12-Nov-2017 03:17:23 UTC] PHP Warning:  PDO::__construct(): php_network_getaddresses: getaddrinfo failed: Name or service not known in /home/ubuntu/workspace/config.php on line 9
[12-Nov-2017 03:17:23 UTC] PHP Stack trace:
[12-Nov-2017 03:17:23 UTC] PHP   1. {main}() /home/ubuntu/workspace/messages/get_messages.php:0
[12-Nov-2017 03:17:23 UTC] PHP   2. include() /home/ubuntu/workspace/messages/get_messages.php:3
[12-Nov-2017 03:17:23 UTC] PHP   3. PDO->__construct() /home/ubuntu/workspace/config.php:9
[12-Nov-2017 03:17:23 UTC] PHP Fatal error:  Call to a member function query() on a non-object in /home/ubuntu/workspace/messages/get_messages.php on line 5
[12-Nov-2017 03:17:23 UTC] PHP Stack trace:
[12-Nov-2017 03:17:23 UTC] PHP   1. {main}() /home/ubuntu/workspace/messages/get_messages.php:0
[12-Nov-2017 03:17:39 UTC] PHP Warning:  PDO::__construct(): php_network_getaddresses: getaddrinfo failed: Name or service not known in /home/ubuntu/workspace/config.php on line 9
[12-Nov-2017 03:17:39 UTC] PHP Stack trace:
[12-Nov-2017 03:17:39 UTC] PHP   1. {main}() /home/ubuntu/workspace/messages/get_messages.php:0
[12-Nov-2017 03:17:39 UTC] PHP   2. include() /home/ubuntu/workspace/messages/get_messages.php:3
[12-Nov-2017 03:17:39 UTC] PHP   3. PDO->__construct() /home/ubuntu/workspace/config.php:9
[12-Nov-2017 03:17:39 UTC] PHP Fatal error:  Call to a member function query() on a non-object in /home/ubuntu/workspace/messages/get_messages.php on line 5
[12-Nov-2017 03:17:39 UTC] PHP Stack trace:
[12-Nov-2017 03:17:39 UTC] PHP   1. {main}() /home/ubuntu/workspace/messages/get_messages.php:0
[12-Nov-2017 03:17:55 UTC] PHP Warning:  PDO::__construct(): php_network_getaddresses: getaddrinfo failed: Name or service not known in /home/ubuntu/workspace/config.php on line 9
[12-Nov-2017 03:17:55 UTC] PHP Stack trace:
[12-Nov-2017 03:17:55 UTC] PHP   1. {main}() /home/ubuntu/workspace/messages/get_messages.php:0
[12-Nov-2017 03:17:55 UTC] PHP   2. include() /home/ubuntu/workspace/messages/get_messages.php:3
[12-Nov-2017 03:17:55 UTC] PHP   3. PDO->__construct() /home/ubuntu/workspace/config.php:9
[12-Nov-2017 03:17:55 UTC] PHP Fatal error:  Call to a member function query() on a non-object in /home/ubuntu/workspace/messages/get_messages.php on line 5
[12-Nov-2017 03:17:55 UTC] PHP Stack trace:
[12-Nov-2017 03:17:55 UTC] PHP   1. {main}() /home/ubuntu/workspace/messages/get_messages.php:0
[12-Nov-2017 03:18:11 UTC] PHP Warning:  PDO::__construct(): php_network_getaddresses: getaddrinfo failed: Name or service not known in /home/ubuntu/workspace/config.php on line 9
[12-Nov-2017 03:18:11 UTC] PHP Stack trace:
[12-Nov-2017 03:18:11 UTC] PHP   1. {main}() /home/ubuntu/workspace/messages/get_messages.php:0
[12-Nov-2017 03:18:11 UTC] PHP   2. include() /home/ubuntu/workspace/messages/get_messages.php:3
[12-Nov-2017 03:18:11 UTC] PHP   3. PDO->__construct() /home/ubuntu/workspace/config.php:9
[12-Nov-2017 03:18:11 UTC] PHP Fatal error:  Call to a member function query() on a non-object in /home/ubuntu/workspace/messages/get_messages.php on line 5
[12-Nov-2017 03:18:11 UTC] PHP Stack trace:
[12-Nov-2017 03:18:11 UTC] PHP   1. {main}() /home/ubuntu/workspace/messages/get_messages.php:0
[12-Nov-2017 03:18:27 UTC] PHP Warning:  PDO::__construct(): php_network_getaddresses: getaddrinfo failed: Name or service not known in /home/ubuntu/workspace/config.php on line 9
[12-Nov-2017 03:18:27 UTC] PHP Stack trace:
[12-Nov-2017 03:18:27 UTC] PHP   1. {main}() /home/ubuntu/workspace/messages/get_messages.php:0
[12-Nov-2017 03:18:27 UTC] PHP   2. include() /home/ubuntu/workspace/messages/get_messages.php:3
[12-Nov-2017 03:18:27 UTC] PHP   3. PDO->__construct() /home/ubuntu/workspace/config.php:9
[12-Nov-2017 03:18:27 UTC] PHP Fatal error:  Call to a member function query() on a non-object in /home/ubuntu/workspace/messages/get_messages.php on line 5
[12-Nov-2017 03:18:27 UTC] PHP Stack trace:
[12-Nov-2017 03:18:27 UTC] PHP   1. {main}() /home/ubuntu/workspace/messages/get_messages.php:0
[12-Nov-2017 03:18:43 UTC] PHP Warning:  PDO::__construct(): php_network_getaddresses: getaddrinfo failed: Name or service not known in /home/ubuntu/workspace/config.php on line 9
[12-Nov-2017 03:18:43 UTC] PHP Stack trace:
[12-Nov-2017 03:18:43 UTC] PHP   1. {main}() /home/ubuntu/workspace/messages/get_messages.php:0
[12-Nov-2017 03:18:43 UTC] PHP   2. include() /home/ubuntu/workspace/messages/get_messages.php:3
[12-Nov-2017 03:18:43 UTC] PHP   3. PDO->__construct() /home/ubuntu/workspace/config.php:9
[12-Nov-2017 03:18:43 UTC] PHP Fatal error:  Call to a member function query() on a non-object in /home/ubuntu/workspace/messages/get_messages.php on line 5
[12-Nov-2017 03:18:43 UTC] PHP Stack trace:
[12-Nov-2017 03:18:43 UTC] PHP   1. {main}() /home/ubuntu/workspace/messages/get_messages.php:0
[12-Nov-2017 03:18:59 UTC] PHP Warning:  PDO::__construct(): php_network_getaddresses: getaddrinfo failed: Name or service not known in /home/ubuntu/workspace/config.php on line 9
[12-Nov-2017 03:18:59 UTC] PHP Stack trace:
[12-Nov-2017 03:18:59 UTC] PHP   1. {main}() /home/ubuntu/workspace/messages/get_messages.php:0
[12-Nov-2017 03:18:59 UTC] PHP   2. include() /home/ubuntu/workspace/messages/get_messages.php:3
[12-Nov-2017 03:18:59 UTC] PHP   3. PDO->__construct() /home/ubuntu/workspace/config.php:9
[12-Nov-2017 03:18:59 UTC] PHP Fatal error:  Call to a member function query() on a non-object in /home/ubuntu/workspace/messages/get_messages.php on line 5
[12-Nov-2017 03:18:59 UTC] PHP Stack trace:
[12-Nov-2017 03:18:59 UTC] PHP   1. {main}() /home/ubuntu/workspace/messages/get_messages.php:0
[12-Nov-2017 03:19:15 UTC] PHP Warning:  PDO::__construct(): php_network_getaddresses: getaddrinfo failed: Name or service not known in /home/ubuntu/workspace/config.php on line 9
[12-Nov-2017 03:19:15 UTC] PHP Stack trace:
[12-Nov-2017 03:19:15 UTC] PHP   1. {main}() /home/ubuntu/workspace/messages/get_messages.php:0
[12-Nov-2017 03:19:15 UTC] PHP   2. include() /home/ubuntu/workspace/messages/get_messages.php:3
[12-Nov-2017 03:19:15 UTC] PHP   3. PDO->__construct() /home/ubuntu/workspace/config.php:9
[12-Nov-2017 03:19:15 UTC] PHP Fatal error:  Call to a member function query() on a non-object in /home/ubuntu/workspace/messages/get_messages.php on line 5
[12-Nov-2017 03:19:15 UTC] PHP Stack trace:
[12-Nov-2017 03:19:15 UTC] PHP   1. {main}() /home/ubuntu/workspace/messages/get_messages.php:0
[12-Nov-2017 03:19:31 UTC] PHP Warning:  PDO::__construct(): php_network_getaddresses: getaddrinfo failed: Name or service not known in /home/ubuntu/workspace/config.php on line 9
[12-Nov-2017 03:19:31 UTC] PHP Stack trace:
[12-Nov-2017 03:19:31 UTC] PHP   1. {main}() /home/ubuntu/workspace/messages/get_messages.php:0
[12-Nov-2017 03:19:31 UTC] PHP   2. include() /home/ubuntu/workspace/messages/get_messages.php:3
[12-Nov-2017 03:19:31 UTC] PHP   3. PDO->__construct() /home/ubuntu/workspace/config.php:9
[12-Nov-2017 03:19:31 UTC] PHP Fatal error:  Call to a member function query() on a non-object in /home/ubuntu/workspace/messages/get_messages.php on line 5
[12-Nov-2017 03:19:31 UTC] PHP Stack trace:
[12-Nov-2017 03:19:31 UTC] PHP   1. {main}() /home/ubuntu/workspace/messages/get_messages.php:0
[12-Nov-2017 03:19:47 UTC] PHP Warning:  PDO::__construct(): php_network_getaddresses: getaddrinfo failed: Name or service not known in /home/ubuntu/workspace/config.php on line 9
[12-Nov-2017 03:19:47 UTC] PHP Stack trace:
[12-Nov-2017 03:19:47 UTC] PHP   1. {main}() /home/ubuntu/workspace/messages/get_messages.php:0
[12-Nov-2017 03:19:47 UTC] PHP   2. include() /home/ubuntu/workspace/messages/get_messages.php:3
[12-Nov-2017 03:19:47 UTC] PHP   3. PDO->__construct() /home/ubuntu/workspace/config.php:9
[12-Nov-2017 03:19:47 UTC] PHP Fatal error:  Call to a member function query() on a non-object in /home/ubuntu/workspace/messages/get_messages.php on line 5
[12-Nov-2017 03:19:47 UTC] PHP Stack trace:
[12-Nov-2017 03:19:47 UTC] PHP   1. {main}() /home/ubuntu/workspace/messages/get_messages.php:0
[12-Nov-2017 03:20:03 UTC] PHP Warning:  PDO::__construct(): php_network_getaddresses: getaddrinfo failed: Name or service not known in /home/ubuntu/workspace/config.php on line 9
[12-Nov-2017 03:20:03 UTC] PHP Stack trace:
[12-Nov-2017 03:20:03 UTC] PHP   1. {main}() /home/ubuntu/workspace/messages/get_messages.php:0
[12-Nov-2017 03:20:03 UTC] PHP   2. include() /home/ubuntu/workspace/messages/get_messages.php:3
[12-Nov-2017 03:20:03 UTC] PHP   3. PDO->__construct() /home/ubuntu/workspace/config.php:9
[12-Nov-2017 03:20:03 UTC] PHP Fatal error:  Call to a member function query() on a non-object in /home/ubuntu/workspace/messages/get_messages.php on line 5
[12-Nov-2017 03:20:03 UTC] PHP Stack trace:
[12-Nov-2017 03:20:03 UTC] PHP   1. {main}() /home/ubuntu/workspace/messages/get_messages.php:0
[12-Nov-2017 03:20:19 UTC] PHP Warning:  PDO::__construct(): php_network_getaddresses: getaddrinfo failed: Name or service not known in /home/ubuntu/workspace/config.php on line 9
[12-Nov-2017 03:20:19 UTC] PHP Stack trace:
[12-Nov-2017 03:20:19 UTC] PHP   1. {main}() /home/ubuntu/workspace/messages/get_messages.php:0
[12-Nov-2017 03:20:19 UTC] PHP   2. include() /home/ubuntu/workspace/messages/get_messages.php:3
[12-Nov-2017 03:20:19 UTC] PHP   3. PDO->__construct() /home/ubuntu/workspace/config.php:9
[12-Nov-2017 03:20:19 UTC] PHP Fatal error:  Call to a member function query() on a non-object in /home/ubuntu/workspace/messages/get_messages.php on line 5
[12-Nov-2017 03:20:19 UTC] PHP Stack trace:
[12-Nov-2017 03:20:19 UTC] PHP   1. {main}() /home/ubuntu/workspace/messages/get_messages.php:0
[12-Nov-2017 03:20:35 UTC] PHP Warning:  PDO::__construct(): php_network_getaddresses: getaddrinfo failed: Name or service not known in /home/ubuntu/workspace/config.php on line 9
[12-Nov-2017 03:20:35 UTC] PHP Stack trace:
[12-Nov-2017 03:20:35 UTC] PHP   1. {main}() /home/ubuntu/workspace/messages/get_messages.php:0
[12-Nov-2017 03:20:35 UTC] PHP   2. include() /home/ubuntu/workspace/messages/get_messages.php:3
[12-Nov-2017 03:20:35 UTC] PHP   3. PDO->__construct() /home/ubuntu/workspace/config.php:9
[12-Nov-2017 03:20:35 UTC] PHP Fatal error:  Call to a member function query() on a non-object in /home/ubuntu/workspace/messages/get_messages.php on line 5
[12-Nov-2017 03:20:35 UTC] PHP Stack trace:
[12-Nov-2017 03:20:35 UTC] PHP   1. {main}() /home/ubuntu/workspace/messages/get_messages.php:0
[12-Nov-2017 03:20:51 UTC] PHP Warning:  PDO::__construct(): php_network_getaddresses: getaddrinfo failed: Name or service not known in /home/ubuntu/workspace/config.php on line 9
[12-Nov-2017 03:20:51 UTC] PHP Stack trace:
[12-Nov-2017 03:20:51 UTC] PHP   1. {main}() /home/ubuntu/workspace/messages/get_messages.php:0
[12-Nov-2017 03:20:51 UTC] PHP   2. include() /home/ubuntu/workspace/messages/get_messages.php:3
[12-Nov-2017 03:20:51 UTC] PHP   3. PDO->__construct() /home/ubuntu/workspace/config.php:9
[12-Nov-2017 03:20:51 UTC] PHP Fatal error:  Call to a member function query() on a non-object in /home/ubuntu/workspace/messages/get_messages.php on line 5
[12-Nov-2017 03:20:51 UTC] PHP Stack trace:
[12-Nov-2017 03:20:51 UTC] PHP   1. {main}() /home/ubuntu/workspace/messages/get_messages.php:0
[12-Nov-2017 03:21:07 UTC] PHP Warning:  PDO::__construct(): php_network_getaddresses: getaddrinfo failed: Name or service not known in /home/ubuntu/workspace/config.php on line 9
[12-Nov-2017 03:21:07 UTC] PHP Stack trace:
[12-Nov-2017 03:21:07 UTC] PHP   1. {main}() /home/ubuntu/workspace/messages/get_messages.php:0
[12-Nov-2017 03:21:07 UTC] PHP   2. include() /home/ubuntu/workspace/messages/get_messages.php:3
[12-Nov-2017 03:21:07 UTC] PHP   3. PDO->__construct() /home/ubuntu/workspace/config.php:9
[12-Nov-2017 03:21:07 UTC] PHP Fatal error:  Call to a member function query() on a non-object in /home/ubuntu/workspace/messages/get_messages.php on line 5
[12-Nov-2017 03:21:07 UTC] PHP Stack trace:
[12-Nov-2017 03:21:07 UTC] PHP   1. {main}() /home/ubuntu/workspace/messages/get_messages.php:0
[12-Nov-2017 03:21:23 UTC] PHP Warning:  PDO::__construct(): php_network_getaddresses: getaddrinfo failed: Name or service not known in /home/ubuntu/workspace/config.php on line 9
[12-Nov-2017 03:21:23 UTC] PHP Stack trace:
[12-Nov-2017 03:21:23 UTC] PHP   1. {main}() /home/ubuntu/workspace/messages/get_messages.php:0
[12-Nov-2017 03:21:23 UTC] PHP   2. include() /home/ubuntu/workspace/messages/get_messages.php:3
[12-Nov-2017 03:21:23 UTC] PHP   3. PDO->__construct() /home/ubuntu/workspace/config.php:9
[12-Nov-2017 03:21:23 UTC] PHP Fatal error:  Call to a member function query() on a non-object in /home/ubuntu/workspace/messages/get_messages.php on line 5
[12-Nov-2017 03:21:23 UTC] PHP Stack trace:
[12-Nov-2017 03:21:23 UTC] PHP   1. {main}() /home/ubuntu/workspace/messages/get_messages.php:0
[12-Nov-2017 03:21:39 UTC] PHP Warning:  PDO::__construct(): php_network_getaddresses: getaddrinfo failed: Name or service not known in /home/ubuntu/workspace/config.php on line 9
[12-Nov-2017 03:21:39 UTC] PHP Stack trace:
[12-Nov-2017 03:21:39 UTC] PHP   1. {main}() /home/ubuntu/workspace/messages/get_messages.php:0
[12-Nov-2017 03:21:39 UTC] PHP   2. include() /home/ubuntu/workspace/messages/get_messages.php:3
[12-Nov-2017 03:21:39 UTC] PHP   3. PDO->__construct() /home/ubuntu/workspace/config.php:9
[12-Nov-2017 03:21:39 UTC] PHP Fatal error:  Call to a member function query() on a non-object in /home/ubuntu/workspace/messages/get_messages.php on line 5
[12-Nov-2017 03:21:39 UTC] PHP Stack trace:
[12-Nov-2017 03:21:39 UTC] PHP   1. {main}() /home/ubuntu/workspace/messages/get_messages.php:0
[12-Nov-2017 03:21:55 UTC] PHP Warning:  PDO::__construct(): php_network_getaddresses: getaddrinfo failed: Name or service not known in /home/ubuntu/workspace/config.php on line 9
[12-Nov-2017 03:21:55 UTC] PHP Stack trace:
[12-Nov-2017 03:21:55 UTC] PHP   1. {main}() /home/ubuntu/workspace/messages/get_messages.php:0
[12-Nov-2017 03:21:55 UTC] PHP   2. include() /home/ubuntu/workspace/messages/get_messages.php:3
[12-Nov-2017 03:21:55 UTC] PHP   3. PDO->__construct() /home/ubuntu/workspace/config.php:9
[12-Nov-2017 03:21:55 UTC] PHP Fatal error:  Call to a member function query() on a non-object in /home/ubuntu/workspace/messages/get_messages.php on line 5
[12-Nov-2017 03:21:55 UTC] PHP Stack trace:
[12-Nov-2017 03:21:55 UTC] PHP   1. {main}() /home/ubuntu/workspace/messages/get_messages.php:0
[12-Nov-2017 03:22:11 UTC] PHP Warning:  PDO::__construct(): php_network_getaddresses: getaddrinfo failed: Name or service not known in /home/ubuntu/workspace/config.php on line 9
[12-Nov-2017 03:22:11 UTC] PHP Stack trace:
[12-Nov-2017 03:22:11 UTC] PHP   1. {main}() /home/ubuntu/workspace/messages/get_messages.php:0
[12-Nov-2017 03:22:11 UTC] PHP   2. include() /home/ubuntu/workspace/messages/get_messages.php:3
[12-Nov-2017 03:22:11 UTC] PHP   3. PDO->__construct() /home/ubuntu/workspace/config.php:9
[12-Nov-2017 03:22:11 UTC] PHP Fatal error:  Call to a member function query() on a non-object in /home/ubuntu/workspace/messages/get_messages.php on line 5
[12-Nov-2017 03:22:11 UTC] PHP Stack trace:
[12-Nov-2017 03:22:11 UTC] PHP   1. {main}() /home/ubuntu/workspace/messages/get_messages.php:0
[12-Nov-2017 03:22:27 UTC] PHP Warning:  PDO::__construct(): php_network_getaddresses: getaddrinfo failed: Name or service not known in /home/ubuntu/workspace/config.php on line 9
[12-Nov-2017 03:22:27 UTC] PHP Stack trace:
[12-Nov-2017 03:22:27 UTC] PHP   1. {main}() /home/ubuntu/workspace/messages/get_messages.php:0
[12-Nov-2017 03:22:27 UTC] PHP   2. include() /home/ubuntu/workspace/messages/get_messages.php:3
[12-Nov-2017 03:22:27 UTC] PHP   3. PDO->__construct() /home/ubuntu/workspace/config.php:9
[12-Nov-2017 03:22:27 UTC] PHP Fatal error:  Call to a member function query() on a non-object in /home/ubuntu/workspace/messages/get_messages.php on line 5
[12-Nov-2017 03:22:27 UTC] PHP Stack trace:
[12-Nov-2017 03:22:27 UTC] PHP   1. {main}() /home/ubuntu/workspace/messages/get_messages.php:0
[12-Nov-2017 03:22:43 UTC] PHP Warning:  PDO::__construct(): php_network_getaddresses: getaddrinfo failed: Name or service not known in /home/ubuntu/workspace/config.php on line 9
[12-Nov-2017 03:22:43 UTC] PHP Stack trace:
[12-Nov-2017 03:22:43 UTC] PHP   1. {main}() /home/ubuntu/workspace/messages/get_messages.php:0
[12-Nov-2017 03:22:43 UTC] PHP   2. include() /home/ubuntu/workspace/messages/get_messages.php:3
[12-Nov-2017 03:22:43 UTC] PHP   3. PDO->__construct() /home/ubuntu/workspace/config.php:9
[12-Nov-2017 03:22:43 UTC] PHP Fatal error:  Call to a member function query() on a non-object in /home/ubuntu/workspace/messages/get_messages.php on line 5
[12-Nov-2017 03:22:43 UTC] PHP Stack trace:
[12-Nov-2017 03:22:43 UTC] PHP   1. {main}() /home/ubuntu/workspace/messages/get_messages.php:0
[12-Nov-2017 03:22:59 UTC] PHP Warning:  PDO::__construct(): php_network_getaddresses: getaddrinfo failed: Name or service not known in /home/ubuntu/workspace/config.php on line 9
[12-Nov-2017 03:22:59 UTC] PHP Stack trace:
[12-Nov-2017 03:22:59 UTC] PHP   1. {main}() /home/ubuntu/workspace/messages/get_messages.php:0
[12-Nov-2017 03:22:59 UTC] PHP   2. include() /home/ubuntu/workspace/messages/get_messages.php:3
[12-Nov-2017 03:22:59 UTC] PHP   3. PDO->__construct() /home/ubuntu/workspace/config.php:9
[12-Nov-2017 03:22:59 UTC] PHP Fatal error:  Call to a member function query() on a non-object in /home/ubuntu/workspace/messages/get_messages.php on line 5
[12-Nov-2017 03:22:59 UTC] PHP Stack trace:
[12-Nov-2017 03:22:59 UTC] PHP   1. {main}() /home/ubuntu/workspace/messages/get_messages.php:0
[12-Nov-2017 03:23:15 UTC] PHP Warning:  PDO::__construct(): php_network_getaddresses: getaddrinfo failed: Name or service not known in /home/ubuntu/workspace/config.php on line 9
[12-Nov-2017 03:23:15 UTC] PHP Stack trace:
[12-Nov-2017 03:23:15 UTC] PHP   1. {main}() /home/ubuntu/workspace/messages/get_messages.php:0
[12-Nov-2017 03:23:15 UTC] PHP   2. include() /home/ubuntu/workspace/messages/get_messages.php:3
[12-Nov-2017 03:23:15 UTC] PHP   3. PDO->__construct() /home/ubuntu/workspace/config.php:9
[12-Nov-2017 03:23:15 UTC] PHP Fatal error:  Call to a member function query() on a non-object in /home/ubuntu/workspace/messages/get_messages.php on line 5
[12-Nov-2017 03:23:15 UTC] PHP Stack trace:
[12-Nov-2017 03:23:15 UTC] PHP   1. {main}() /home/ubuntu/workspace/messages/get_messages.php:0
[12-Nov-2017 03:23:31 UTC] PHP Warning:  PDO::__construct(): php_network_getaddresses: getaddrinfo failed: Name or service not known in /home/ubuntu/workspace/config.php on line 9
[12-Nov-2017 03:23:31 UTC] PHP Stack trace:
[12-Nov-2017 03:23:31 UTC] PHP   1. {main}() /home/ubuntu/workspace/messages/get_messages.php:0
[12-Nov-2017 03:23:31 UTC] PHP   2. include() /home/ubuntu/workspace/messages/get_messages.php:3
[12-Nov-2017 03:23:31 UTC] PHP   3. PDO->__construct() /home/ubuntu/workspace/config.php:9
[12-Nov-2017 03:23:31 UTC] PHP Fatal error:  Call to a member function query() on a non-object in /home/ubuntu/workspace/messages/get_messages.php on line 5
[12-Nov-2017 03:23:31 UTC] PHP Stack trace:
[12-Nov-2017 03:23:31 UTC] PHP   1. {main}() /home/ubuntu/workspace/messages/get_messages.php:0
[12-Nov-2017 03:23:47 UTC] PHP Warning:  PDO::__construct(): php_network_getaddresses: getaddrinfo failed: Name or service not known in /home/ubuntu/workspace/config.php on line 9
[12-Nov-2017 03:23:47 UTC] PHP Stack trace:
[12-Nov-2017 03:23:47 UTC] PHP   1. {main}() /home/ubuntu/workspace/messages/get_messages.php:0
[12-Nov-2017 03:23:47 UTC] PHP   2. include() /home/ubuntu/workspace/messages/get_messages.php:3
[12-Nov-2017 03:23:47 UTC] PHP   3. PDO->__construct() /home/ubuntu/workspace/config.php:9
[12-Nov-2017 03:23:47 UTC] PHP Fatal error:  Call to a member function query() on a non-object in /home/ubuntu/workspace/messages/get_messages.php on line 5
[12-Nov-2017 03:23:47 UTC] PHP Stack trace:
[12-Nov-2017 03:23:47 UTC] PHP   1. {main}() /home/ubuntu/workspace/messages/get_messages.php:0
[12-Nov-2017 03:23:54 UTC] PHP Warning:  PDO::__construct(): php_network_getaddresses: getaddrinfo failed: Name or service not known in /home/ubuntu/workspace/config.php on line 9
[12-Nov-2017 03:23:54 UTC] PHP Stack trace:
[12-Nov-2017 03:23:54 UTC] PHP   1. {main}() /home/ubuntu/workspace/messages/get_messages.php:0
[12-Nov-2017 03:23:54 UTC] PHP   2. include() /home/ubuntu/workspace/messages/get_messages.php:3
[12-Nov-2017 03:23:54 UTC] PHP   3. PDO->__construct() /home/ubuntu/workspace/config.php:9
[12-Nov-2017 03:23:54 UTC] PHP Fatal error:  Call to a member function query() on a non-object in /home/ubuntu/workspace/messages/get_messages.php on line 5
[12-Nov-2017 03:23:54 UTC] PHP Stack trace:
[12-Nov-2017 03:23:54 UTC] PHP   1. {main}() /home/ubuntu/workspace/messages/get_messages.php:0
[14-Nov-2017 15:17:15 UTC] PHP Parse error:  syntax error, unexpected 'outbox' (T_STRING) in /home/ubuntu/workspace/messages/out_messages.php on line 33
[14-Nov-2017 21:14:51 UTC] PHP Parse error:  syntax error, unexpected 'if' (T_IF) in /home/ubuntu/workspace/messages/view_message.php on line 25
[14-Nov-2017 21:15:07 UTC] PHP Fatal error:  Uncaught exception 'PDOException' with message 'SQLSTATE[42000]: Syntax error or access violation: 1064 You have an error in your SQL syntax; check the manual that corresponds to your MySQL server version for the right syntax to use near 'order by date_sent' at line 1' in /home/ubuntu/workspace/messages/view_message.php:7
Stack trace:
#0 /home/ubuntu/workspace/messages/view_message.php(7): PDO->query('SELECT recipien...')
#1 {main}
  thrown in /home/ubuntu/workspace/messages/view_message.php on line 7
[14-Nov-2017 21:15:56 UTC] PHP Fatal error:  Uncaught exception 'PDOException' with message 'SQLSTATE[42S22]: Column not found: 1054 Unknown column 'message_id' in 'where clause'' in /home/ubuntu/workspace/messages/view_message.php:9
Stack trace:
#0 /home/ubuntu/workspace/messages/view_message.php(9): PDO->query('SELECT recipien...')
#1 {main}
  thrown in /home/ubuntu/workspace/messages/view_message.php on line 9
[14-Nov-2017 21:32:29 UTC] PHP Fatal error:  Uncaught exception 'PDOException' with message 'SQLSTATE[42000]: Syntax error or access violation: 1064 You have an error in your SQL syntax; check the manual that corresponds to your MySQL server version for the right syntax to use near 'order by date_sent' at line 1' in /home/ubuntu/workspace/messages/view_message.php:7
Stack trace:
#0 /home/ubuntu/workspace/messages/view_message.php(7): PDO->query('SELECT recipien...')
#1 {main}
  thrown in /home/ubuntu/workspace/messages/view_message.php on line 7
[14-Nov-2017 21:33:42 UTC] PHP Fatal error:  Uncaught exception 'PDOException' with message 'SQLSTATE[42S22]: Column not found: 1054 Unknown column 'outbox' in 'where clause'' in /home/ubuntu/workspace/messages/view_message.php:7
Stack trace:
#0 /home/ubuntu/workspace/messages/view_message.php(7): PDO->query('SELECT recipien...')
#1 {main}
  thrown in /home/ubuntu/workspace/messages/view_message.php on line 7
[14-Nov-2017 21:34:55 UTC] PHP Fatal error:  Uncaught exception 'PDOException' with message 'SQLSTATE[42S22]: Column not found: 1054 Unknown column 'outbox' in 'where clause'' in /home/ubuntu/workspace/messages/view_message.php:7
Stack trace:
#0 /home/ubuntu/workspace/messages/view_message.php(7): PDO->query('SELECT recipien...')
#1 {main}
  thrown in /home/ubuntu/workspace/messages/view_message.php on line 7
[14-Nov-2017 21:35:39 UTC] PHP Parse error:  syntax error, unexpected 'echo' (T_ECHO), expecting identifier (T_STRING) in /home/ubuntu/workspace/messages/view_message.php on line 5
[14-Nov-2017 21:35:53 UTC] PHP Fatal error:  Uncaught exception 'PDOException' with message 'SQLSTATE[42S22]: Column not found: 1054 Unknown column 'outbox' in 'where clause'' in /home/ubuntu/workspace/messages/view_message.php:8
Stack trace:
#0 /home/ubuntu/workspace/messages/view_message.php(8): PDO->query('SELECT recipien...')
#1 {main}
  thrown in /home/ubuntu/workspace/messages/view_message.php on line 8
[27-Nov-2017 02:51:10 UTC] PHP Fatal error:  Call to a member function query() on a non-object in /home/ubuntu/workspace/messages/add_message.php on line 14
[27-Nov-2017 02:51:10 UTC] PHP Stack trace:
[27-Nov-2017 02:51:10 UTC] PHP   1. {main}() /home/ubuntu/workspace/messages/add_message.php:0
[27-Nov-2017 02:51:10 UTC] PHP   2. insert_message() /home/ubuntu/workspace/messages/add_message.php:18
[27-Nov-2017 02:52:38 UTC] PHP Fatal error:  Call to a member function query() on a non-object in /home/ubuntu/workspace/messages/add_message.php on line 14
[27-Nov-2017 02:52:38 UTC] PHP Stack trace:
[27-Nov-2017 02:52:38 UTC] PHP   1. {main}() /home/ubuntu/workspace/messages/add_message.php:0
[27-Nov-2017 02:52:38 UTC] PHP   2. insert_message() /home/ubuntu/workspace/messages/add_message.php:18
[27-Nov-2017 02:53:13 UTC] PHP Fatal error:  Call to a member function query() on a non-object in /home/ubuntu/workspace/messages/add_message.php on line 14
[27-Nov-2017 02:53:13 UTC] PHP Stack trace:
[27-Nov-2017 02:53:13 UTC] PHP   1. {main}() /home/ubuntu/workspace/messages/add_message.php:0
[27-Nov-2017 02:53:13 UTC] PHP   2. insert_message() /home/ubuntu/workspace/messages/add_message.php:18
[27-Nov-2017 02:54:19 UTC] PHP Fatal error:  Uncaught exception 'PDOException' with message 'SQLSTATE[42000]: Syntax error or access violation: 1064 You have an error in your SQL syntax; check the manual that corresponds to your MySQL server version for the right syntax to use near ''recipients_ids','subject','4body','sender_id','date_sent') VALUES ('boom','bang' at line 1' in /home/ubuntu/workspace/messages/add_message.php:15
Stack trace:
#0 /home/ubuntu/workspace/messages/add_message.php(15): PDO->query('INSERT INTO mes...')
#1 /home/ubuntu/workspace/messages/add_message.php(19): insert_message('boom', 'bang', 'blast ', NULL)
#2 {main}
  thrown in /home/ubuntu/workspace/messages/add_message.php on line 15
[27-Nov-2017 02:55:07 UTC] PHP Fatal error:  Uncaught exception 'PDOException' with message 'SQLSTATE[42000]: Syntax error or access violation: 1064 You have an error in your SQL syntax; check the manual that corresponds to your MySQL server version for the right syntax to use near ''recipients_ids','subject','body','sender_id','date_sent') VALUES ('boom','me ',' at line 1' in /home/ubuntu/workspace/messages/add_message.php:15
Stack trace:
#0 /home/ubuntu/workspace/messages/add_message.php(15): PDO->query('INSERT INTO mes...')
#1 /home/ubuntu/workspace/messages/add_message.php(19): insert_message('boom', 'me ', 'testing?', NULL)
#2 {main}
  thrown in /home/ubuntu/workspace/messages/add_message.php on line 15
[27-Nov-2017 02:57:28 UTC] PHP Fatal error:  Uncaught exception 'PDOException' with message 'SQLSTATE[42000]: Syntax error or access violation: 1064 You have an error in your SQL syntax; check the manual that corresponds to your MySQL server version for the right syntax to use near ''recipient_ids','subject','body','sender_id','date_sent') VALUES ('b','bang','he' at line 1' in /home/ubuntu/workspace/messages/add_message.php:15
Stack trace:
#0 /home/ubuntu/workspace/messages/add_message.php(15): PDO->query('INSERT INTO mes...')
#1 /home/ubuntu/workspace/messages/add_message.php(19): insert_message('b', 'bang', 'hey', NULL)
#2 {main}
  thrown in /home/ubuntu/workspace/messages/add_message.php on line 15
[27-Nov-2017 03:00:37 UTC] PHP Fatal error:  Uncaught exception 'PDOException' with message 'SQLSTATE[42000]: Syntax error or access violation: 1064 You have an error in your SQL syntax; check the manual that corresponds to your MySQL server version for the right syntax to use near ''recipient_ids','subject','body','sender_id','date_sent') VALUES ('hylton','me '' at line 1' in /home/ubuntu/workspace/messages/add_message.php:15
Stack trace:
#0 /home/ubuntu/workspace/messages/add_message.php(15): PDO->query('INSERT messages...')
#1 /home/ubuntu/workspace/messages/add_message.php(19): insert_message('hylton', 'me ', 'testing', NULL)
#2 {main}
  thrown in /home/ubuntu/workspace/messages/add_message.php on line 15
[27-Nov-2017 03:02:34 UTC] PHP Fatal error:  Uncaught exception 'PDOException' with message 'SQLSTATE[42000]: Syntax error or access violation: 1064 You have an error in your SQL syntax; check the manual that corresponds to your MySQL server version for the right syntax to use near ''recipient_ids','subject','body','sender_id','date_sent') VALUES ('hylton','me '' at line 1' in /home/ubuntu/workspace/messages/add_message.php:15
Stack trace:
#0 /home/ubuntu/workspace/messages/add_message.php(15): PDO->query('INSERT messages...')
#1 /home/ubuntu/workspace/messages/add_message.php(19): insert_message('hylton', 'me ', 'testing', NULL)
#2 {main}
  thrown in /home/ubuntu/workspace/messages/add_message.php on line 15
[27-Nov-2017 03:05:05 UTC] PHP Fatal error:  Uncaught exception 'PDOException' with message 'SQLSTATE[42000]: Syntax error or access violation: 1064 You have an error in your SQL syntax; check the manual that corresponds to your MySQL server version for the right syntax to use near ''recipient_ids','subject','body','sender_id','date_sent') VALUES ('hylton','me '' at line 1' in /home/ubuntu/workspace/messages/add_message.php:12
Stack trace:
#0 /home/ubuntu/workspace/messages/add_message.php(12): PDO->query('INSERT messages...')
#1 {main}
  thrown in /home/ubuntu/workspace/messages/add_message.php on line 12
[27-Nov-2017 03:16:46 UTC] PHP Fatal error:  Uncaught exception 'PDOException' with message 'SQLSTATE[42000]: Syntax error or access violation: 1064 You have an error in your SQL syntax; check the manual that corresponds to your MySQL server version for the right syntax to use near ''subject','body','sender_id','date_sent') VALUES ('me ','test
','',$now)' at line 1' in /home/ubuntu/workspace/messages/add_message.php:12
Stack trace:
#0 /home/ubuntu/workspace/messages/add_message.php(12): PDO->query('INSERT messages...')
#1 {main}
  thrown in /home/ubuntu/workspace/messages/add_message.php on line 12
[27-Nov-2017 03:18:07 UTC] PHP Fatal error:  Uncaught exception 'PDOException' with message 'SQLSTATE[42000]: Syntax error or access violation: 1064 You have an error in your SQL syntax; check the manual that corresponds to your MySQL server version for the right syntax to use near ''recipient_ids','subject','body','sender_id','date_sent') VALUES ('hylton','me '' at line 1' in /home/ubuntu/workspace/messages/add_message.php:12
Stack trace:
#0 /home/ubuntu/workspace/messages/add_message.php(12): PDO->query('INSERT messages...')
#1 {main}
  thrown in /home/ubuntu/workspace/messages/add_message.php on line 12
[27-Nov-2017 03:19:54 UTC] PHP Fatal error:  Uncaught exception 'PDOException' with message 'SQLSTATE[42000]: Syntax error or access violation: 1064 You have an error in your SQL syntax; check the manual that corresponds to your MySQL server version for the right syntax to use near '03:11:54)' at line 1' in /home/ubuntu/workspace/messages/add_message.php:12
Stack trace:
#0 /home/ubuntu/workspace/messages/add_message.php(12): PDO->query('INSERT messages...')
#1 {main}
  thrown in /home/ubuntu/workspace/messages/add_message.php on line 12
